TN:
SF:server.js
FN:54,(anonymous_0)
FN:88,(anonymous_1)
FN:103,(anonymous_2)
FN:113,(anonymous_3)
FN:114,(anonymous_4)
FN:131,(anonymous_5)
FN:147,(anonymous_6)
FN:158,showDnsErrorGuidance
FN:170,convertSrvToStandard
FN:180,(anonymous_9)
FN:181,(anonymous_10)
FN:189,(anonymous_11)
FN:214,connectToMongoDB
FN:235,(anonymous_13)
FN:236,(anonymous_14)
FN:249,(anonymous_15)
FN:259,(anonymous_16)
FN:287,(anonymous_17)
FN:315,(anonymous_18)
FN:319,(anonymous_19)
FN:323,(anonymous_20)
FN:332,(anonymous_21)
FN:337,(anonymous_22)
FN:341,(anonymous_23)
FN:702,(anonymous_24)
FN:832,(anonymous_25)
FN:837,(anonymous_26)
FN:969,(anonymous_27)
FNF:28
FNH:10
FNDA:0,(anonymous_0)
FNDA:0,(anonymous_1)
FNDA:0,(anonymous_2)
FNDA:0,(anonymous_3)
FNDA:0,(anonymous_4)
FNDA:6,(anonymous_5)
FNDA:0,(anonymous_6)
FNDA:0,showDnsErrorGuidance
FNDA:1,convertSrvToStandard
FNDA:1,(anonymous_9)
FNDA:1,(anonymous_10)
FNDA:0,(anonymous_11)
FNDA:2,connectToMongoDB
FNDA:0,(anonymous_13)
FNDA:0,(anonymous_14)
FNDA:1,(anonymous_15)
FNDA:0,(anonymous_16)
FNDA:0,(anonymous_17)
FNDA:2,(anonymous_18)
FNDA:2,(anonymous_19)
FNDA:1,(anonymous_20)
FNDA:0,(anonymous_21)
FNDA:1,(anonymous_22)
FNDA:0,(anonymous_23)
FNDA:0,(anonymous_24)
FNDA:0,(anonymous_25)
FNDA:0,(anonymous_26)
FNDA:0,(anonymous_27)
DA:1,1
DA:2,1
DA:3,1
DA:4,1
DA:5,1
DA:6,1
DA:7,1
DA:8,1
DA:9,1
DA:10,1
DA:11,1
DA:14,1
DA:17,1
DA:20,1
DA:23,1
DA:26,1
DA:40,1
DA:45,1
DA:48,1
DA:51,1
DA:54,1
DA:55,0
DA:56,0
DA:57,0
DA:58,0
DA:60,0
DA:61,0
DA:63,0
DA:65,1
DA:85,1
DA:88,1
DA:89,0
DA:90,0
DA:91,0
DA:92,0
DA:94,0
DA:100,1
DA:103,1
DA:104,0
DA:105,0
DA:108,0
DA:112,0
DA:113,0
DA:115,0
DA:116,0
DA:118,0
DA:124,0
DA:126,0
DA:131,1
DA:132,6
DA:133,0
DA:134,0
DA:138,1
DA:139,1
DA:140,1
DA:141,1
DA:142,1
DA:143,1
DA:147,1
DA:148,0
DA:149,0
DA:150,0
DA:152,1
DA:159,0
DA:160,0
DA:161,0
DA:162,0
DA:163,0
DA:164,0
DA:165,0
DA:166,0
DA:171,1
DA:173,1
DA:174,1
DA:176,1
DA:179,1
DA:180,1
DA:181,1
DA:182,1
DA:183,0
DA:187,0
DA:189,0
DA:190,0
DA:191,0
DA:192,0
DA:193,0
DA:197,1
DA:202,1
DA:203,1
DA:205,0
DA:210,1
DA:211,1
DA:212,1
DA:215,2
DA:224,2
DA:225,2
DA:226,0
DA:227,0
DA:228,0
DA:231,0
DA:234,0
DA:235,0
DA:240,2
DA:243,2
DA:244,1
DA:247,1
DA:248,1
DA:250,1
DA:251,1
DA:253,1
DA:256,0
DA:260,0
DA:262,1
DA:264,0
DA:266,1
DA:267,0
DA:268,0
DA:269,0
DA:270,1
DA:271,1
DA:272,1
DA:273,1
DA:275,0
DA:276,0
DA:277,0
DA:278,0
DA:279,0
DA:283,1
DA:284,1
DA:285,1
DA:286,1
DA:287,1
DA:288,0
DA:290,0
DA:291,0
DA:297,1
DA:298,0
DA:299,0
DA:300,0
DA:302,1
DA:305,1
DA:306,1
DA:307,0
DA:311,1
DA:315,1
DA:316,2
DA:319,1
DA:320,2
DA:322,2
DA:323,2
DA:324,1
DA:325,0
DA:326,0
DA:332,1
DA:333,0
DA:334,0
DA:337,1
DA:338,1
DA:341,1
DA:342,0
DA:343,0
DA:347,1
DA:348,1
DA:351,1
DA:352,1
DA:353,1
DA:355,1
DA:356,1
DA:357,1
DA:358,1
DA:359,1
DA:360,1
DA:361,1
DA:362,1
DA:363,1
DA:364,1
DA:365,1
DA:366,1
DA:367,1
DA:368,1
DA:369,1
DA:370,1
DA:371,1
DA:372,1
DA:373,1
DA:374,1
DA:375,1
DA:376,1
DA:378,1
DA:379,1
DA:380,1
DA:381,1
DA:382,1
DA:383,1
DA:384,1
DA:385,1
DA:386,1
DA:387,1
DA:388,1
DA:390,1
DA:391,1
DA:392,1
DA:393,1
DA:394,1
DA:395,1
DA:396,1
DA:397,1
DA:398,1
DA:399,1
DA:400,1
DA:401,1
DA:402,1
DA:403,1
DA:404,1
DA:405,1
DA:406,1
DA:407,1
DA:408,1
DA:410,1
DA:412,1
DA:413,1
DA:414,1
DA:415,1
DA:416,1
DA:417,1
DA:418,1
DA:419,1
DA:420,1
DA:421,1
DA:422,1
DA:423,1
DA:424,1
DA:425,1
DA:426,1
DA:427,1
DA:428,1
DA:429,1
DA:430,1
DA:431,1
DA:432,1
DA:433,1
DA:434,1
DA:435,1
DA:436,1
DA:437,1
DA:438,1
DA:439,1
DA:440,1
DA:441,1
DA:442,1
DA:443,1
DA:444,1
DA:445,1
DA:446,1
DA:447,1
DA:448,1
DA:449,1
DA:450,1
DA:451,1
DA:452,1
DA:453,1
DA:454,1
DA:455,1
DA:456,1
DA:457,1
DA:458,1
DA:459,1
DA:462,1
DA:463,1
DA:464,1
DA:465,1
DA:466,1
DA:469,1
DA:472,1
DA:475,1
DA:478,1
DA:479,1
DA:480,1
DA:481,1
DA:482,1
DA:483,1
DA:484,1
DA:485,1
DA:486,1
DA:487,1
DA:488,1
DA:489,1
DA:490,1
DA:491,1
DA:492,1
DA:493,1
DA:494,1
DA:495,1
DA:496,1
DA:497,1
DA:498,1
DA:501,1
DA:502,1
DA:503,1
DA:504,1
DA:505,1
DA:507,1
DA:508,1
DA:511,1
DA:512,1
DA:513,1
DA:514,1
DA:515,1
DA:516,1
DA:517,1
DA:518,1
DA:519,1
DA:521,1
DA:522,1
DA:523,1
DA:524,1
DA:526,1
DA:527,1
DA:528,1
DA:529,1
DA:531,1
DA:532,1
DA:533,1
DA:534,1
DA:535,1
DA:536,1
DA:537,1
DA:538,1
DA:539,1
DA:540,1
DA:541,1
DA:542,1
DA:543,1
DA:544,1
DA:545,1
DA:546,1
DA:547,1
DA:548,1
DA:550,1
DA:551,1
DA:552,1
DA:553,1
DA:554,1
DA:555,1
DA:556,1
DA:558,1
DA:559,1
DA:560,1
DA:561,1
DA:562,1
DA:563,1
DA:564,1
DA:565,1
DA:567,1
DA:568,1
DA:569,1
DA:570,1
DA:571,1
DA:572,1
DA:573,1
DA:578,1
DA:581,1
DA:583,1
DA:585,1
DA:586,1
DA:587,1
DA:588,1
DA:589,1
DA:590,1
DA:591,1
DA:592,1
DA:593,1
DA:594,1
DA:595,1
DA:597,1
DA:598,1
DA:599,1
DA:600,1
DA:601,1
DA:602,1
DA:606,1
DA:607,1
DA:608,1
DA:609,1
DA:610,1
DA:611,1
DA:615,1
DA:616,1
DA:617,1
DA:619,1
DA:620,1
DA:621,1
DA:622,1
DA:623,1
DA:624,1
DA:625,1
DA:626,1
DA:627,1
DA:628,1
DA:629,1
DA:630,1
DA:633,1
DA:634,1
DA:635,1
DA:636,1
DA:637,1
DA:638,1
DA:639,1
DA:640,1
DA:643,1
DA:645,1
DA:649,1
DA:650,1
DA:653,1
DA:654,1
DA:655,1
DA:656,1
DA:657,1
DA:659,1
DA:660,1
DA:662,1
DA:663,1
DA:664,1
DA:665,1
DA:666,1
DA:667,1
DA:668,1
DA:671,1
DA:672,1
DA:675,1
DA:676,1
DA:677,1
DA:680,1
DA:681,1
DA:684,1
DA:685,1
DA:686,1
DA:687,1
DA:688,1
DA:689,1
DA:690,1
DA:691,1
DA:692,1
DA:693,1
DA:694,1
DA:695,1
DA:696,1
DA:697,1
DA:698,1
DA:699,1
DA:702,1
DA:703,0
DA:712,1
DA:713,1
DA:714,1
DA:715,1
DA:717,1
DA:718,1
DA:719,1
DA:728,1
DA:729,1
DA:730,1
DA:734,1
DA:735,1
DA:736,1
DA:737,1
DA:738,1
DA:739,1
DA:740,1
DA:743,1
DA:744,1
DA:745,1
DA:752,1
DA:753,1
DA:754,1
DA:755,1
DA:757,1
DA:758,1
DA:759,1
DA:760,1
DA:761,1
DA:762,1
DA:763,1
DA:764,1
DA:767,1
DA:768,1
DA:769,1
DA:770,1
DA:771,1
DA:772,1
DA:773,1
DA:774,1
DA:775,1
DA:776,1
DA:777,1
DA:778,1
DA:779,1
DA:780,1
DA:781,1
DA:782,1
DA:783,1
DA:784,1
DA:787,1
DA:788,1
DA:789,1
DA:790,1
DA:791,1
DA:794,1
DA:797,1
DA:800,1
DA:802,1
DA:803,1
DA:804,1
DA:805,1
DA:808,1
DA:809,1
DA:810,1
DA:811,1
DA:814,1
DA:815,1
DA:816,1
DA:819,1
DA:822,1
DA:823,1
DA:825,1
DA:828,1
DA:831,1
DA:832,0
DA:833,0
DA:834,0
DA:835,0
DA:836,0
DA:838,0
DA:839,0
DA:840,0
DA:845,1
DA:848,1
DA:853,1
DA:855,1
DA:857,1
DA:859,1
DA:863,1
DA:871,1
DA:873,1
DA:875,1
DA:877,1
DA:879,1
DA:881,1
DA:883,1
DA:885,1
DA:887,1
DA:889,1
DA:891,1
DA:897,1
DA:899,1
DA:901,1
DA:903,1
DA:905,1
DA:911,1
DA:915,1
DA:923,1
DA:925,1
DA:931,1
DA:933,1
DA:935,1
DA:939,1
DA:941,1
DA:945,1
DA:947,1
DA:949,1
DA:951,1
DA:953,1
DA:955,1
DA:957,1
DA:963,1
DA:969,1
DA:971,0
DA:989,1
DA:991,1
DA:993,1
DA:995,1
DA:997,1
DA:999,1
DA:1001,1
DA:1003,1
DA:1021,1
DA:1023,1
DA:1025,1
DA:1033,1
DA:1035,1
DA:1037,1
DA:1039,1
DA:1041,1
DA:1043,1
DA:1045,1
DA:1051,1
DA:1053,1
DA:1055,1
DA:1069,1
DA:1071,1
DA:1073,1
DA:1075,1
DA:1079,1
DA:1081,1
DA:1083,1
DA:1085,1
DA:1087,1
DA:1089,1
DA:1091,1
DA:1093,1
DA:1099,1
DA:1101,1
DA:1103,1
DA:1105,1
DA:1107,1
DA:1109,1
DA:1111,1
DA:1113,1
DA:1115,1
DA:1117,1
DA:1119,1
DA:1121,1
DA:1123,1
DA:1125,1
DA:1127,1
DA:1129,1
DA:1131,1
DA:1133,1
DA:1139,1
DA:1141,1
DA:1143,1
DA:1145,1
DA:1147,1
DA:1152,1
DA:1154,1
DA:1156,1
DA:1158,1
DA:1164,1
DA:1166,1
DA:1172,1
DA:1174,1
DA:1176,1
LF:642
LH:559
BRDA:55,0,0,0
BRDA:55,0,1,0
BRDA:60,1,0,0
BRDA:60,1,1,0
BRDA:115,2,0,0
BRDA:115,2,1,0
BRDA:132,3,0,0
BRDA:132,3,1,6
BRDA:174,4,0,0
BRDA:174,4,1,1
BRDA:182,5,0,1
BRDA:182,5,1,0
BRDA:187,6,0,0
BRDA:187,6,1,0
BRDA:187,7,0,0
BRDA:187,7,1,0
BRDA:191,8,0,0
BRDA:191,8,1,0
BRDA:202,9,0,1
BRDA:202,9,1,1
BRDA:214,10,0,1
BRDA:214,11,0,1
BRDA:227,12,0,0
BRDA:227,12,1,0
BRDA:243,13,0,1
BRDA:243,13,1,1
BRDA:243,14,0,2
BRDA:243,14,1,1
BRDA:243,14,2,1
BRDA:247,15,0,1
BRDA:247,15,1,0
BRDA:250,16,0,1
BRDA:250,16,1,0
BRDA:266,17,0,0
BRDA:266,17,1,1
BRDA:270,18,0,1
BRDA:270,18,1,0
BRDA:283,19,0,1
BRDA:283,19,1,0
BRDA:283,20,0,1
BRDA:283,20,1,1
BRDA:290,21,0,0
BRDA:290,21,1,0
BRDA:297,22,0,0
BRDA:297,22,1,1
BRDA:306,23,0,0
BRDA:306,23,1,1
BRDA:306,24,0,1
BRDA:306,24,1,0
BRDA:306,24,2,0
BRDA:322,25,0,2
BRDA:322,25,1,0
BRDA:322,26,0,2
BRDA:322,26,1,2
BRDA:324,27,0,0
BRDA:324,27,1,1
BRDA:819,28,0,1
BRDA:819,28,1,0
BRDA:831,29,0,0
BRDA:831,29,1,1
BRDA:835,30,0,0
BRDA:835,30,1,0
BRDA:838,31,0,0
BRDA:838,31,1,0
BRF:64
BRH:28
end_of_record
TN:
SF:socketio.js
FN:6,initializeSocketIO
FN:16,(anonymous_1)
FN:20,(anonymous_2)
FN:30,(anonymous_3)
FN:45,(anonymous_4)
FN:59,(anonymous_5)
FN:64,(anonymous_6)
FN:74,getIO
FN:79,emitOrderUpdate
FN:92,emitNewOrder
FN:103,emitStatsUpdate
FNF:11
FNH:1
FNDA:1,initializeSocketIO
FNDA:0,(anonymous_1)
FNDA:0,(anonymous_2)
FNDA:0,(anonymous_3)
FNDA:0,(anonymous_4)
FNDA:0,(anonymous_5)
FNDA:0,(anonymous_6)
FNDA:0,getIO
FNDA:0,emitOrderUpdate
FNDA:0,emitNewOrder
FNDA:0,emitStatsUpdate
DA:1,1
DA:2,1
DA:4,1
DA:7,1
DA:16,1
DA:17,0
DA:20,0
DA:21,0
DA:22,0
DA:23,0
DA:26,0
DA:30,0
DA:31,0
DA:32,0
DA:35,0
DA:36,0
DA:45,0
DA:46,0
DA:47,0
DA:50,0
DA:51,0
DA:59,0
DA:60,0
DA:64,0
DA:65,0
DA:69,1
DA:70,1
DA:75,0
DA:80,0
DA:81,0
DA:82,0
DA:93,0
DA:94,0
DA:95,0
DA:104,0
DA:105,0
DA:112,1
LF:37
LH:8
BRDA:35,0,0,0
BRDA:35,0,1,0
BRDA:50,1,0,0
BRDA:50,1,1,0
BRDA:79,2,0,0
BRDA:80,3,0,0
BRDA:80,3,1,0
BRDA:93,4,0,0
BRDA:93,4,1,0
BRDA:104,5,0,0
BRDA:104,5,1,0
BRF:11
BRH:0
end_of_record
TN:
SF:Restaurant\RestaurantController\InventoryDistributionController.js
FN:5,(anonymous_0)
FN:80,(anonymous_1)
FN:100,(anonymous_2)
FN:121,(anonymous_3)
FNF:4
FNH:0
FNDA:0,(anonymous_0)
FNDA:0,(anonymous_1)
FNDA:0,(anonymous_2)
FNDA:0,(anonymous_3)
DA:1,1
DA:2,1
DA:5,1
DA:6,0
DA:7,0
DA:10,0
DA:11,0
DA:14,0
DA:17,0
DA:22,0
DA:24,0
DA:27,0
DA:28,0
DA:30,0
DA:32,0
DA:33,0
DA:35,0
DA:40,0
DA:42,0
DA:43,0
DA:45,0
DA:46,0
DA:48,0
DA:52,0
DA:53,0
DA:54,0
DA:58,0
DA:59,0
DA:61,0
DA:64,0
DA:70,0
DA:71,0
DA:80,1
DA:81,0
DA:82,0
DA:85,0
DA:90,0
DA:91,0
DA:100,1
DA:101,0
DA:102,0
DA:103,0
DA:106,0
DA:111,0
DA:112,0
DA:121,1
DA:122,0
DA:123,0
DA:124,0
DA:126,0
DA:131,0
DA:132,0
LF:52
LH:6
BRDA:28,0,0,0
BRDA:28,0,1,0
BRDA:35,1,0,0
BRDA:35,1,1,0
BRDA:35,2,0,0
BRDA:35,2,1,0
BRDA:35,2,2,0
BRDA:35,2,3,0
BRDA:42,3,0,0
BRDA:42,3,1,0
BRDA:43,4,0,0
BRDA:43,4,1,0
BRDA:52,5,0,0
BRDA:52,5,1,0
BRDA:58,6,0,0
BRDA:58,6,1,0
BRF:16
BRH:0
end_of_record
TN:
SF:Restaurant\RestaurantController\RestaurantAttendanceController.js
FN:5,(anonymous_0)
FN:50,(anonymous_1)
FN:132,(anonymous_2)
FN:137,(anonymous_3)
FN:138,(anonymous_4)
FN:142,(anonymous_5)
FN:146,(anonymous_6)
FN:192,(anonymous_7)
FN:215,(anonymous_8)
FN:229,(anonymous_9)
FN:238,(anonymous_10)
FN:251,(anonymous_11)
FN:256,(anonymous_12)
FN:257,(anonymous_13)
FN:261,(anonymous_14)
FN:265,(anonymous_15)
FN:291,(anonymous_16)
FN:293,(anonymous_17)
FN:316,(anonymous_18)
FN:623,(anonymous_19)
FN:644,(anonymous_20)
FN:726,(anonymous_21)
FN:746,(anonymous_22)
FN:793,(anonymous_23)
FN:795,(anonymous_24)
FN:796,(anonymous_25)
FN:797,(anonymous_26)
FN:805,(anonymous_27)
FN:808,(anonymous_28)
FN:811,(anonymous_29)
FN:814,(anonymous_30)
FN:830,(anonymous_31)
FN:831,(anonymous_32)
FN:859,(anonymous_33)
FN:877,(anonymous_34)
FN:969,(anonymous_35)
FN:981,(anonymous_36)
FN:993,(anonymous_37)
FN:995,(anonymous_38)
FN:999,(anonymous_39)
FN:1004,(anonymous_40)
FN:1005,(anonymous_41)
FNF:42
FNH:0
FNDA:0,(anonymous_0)
FNDA:0,(anonymous_1)
FNDA:0,(anonymous_2)
FNDA:0,(anonymous_3)
FNDA:0,(anonymous_4)
FNDA:0,(anonymous_5)
FNDA:0,(anonymous_6)
FNDA:0,(anonymous_7)
FNDA:0,(anonymous_8)
FNDA:0,(anonymous_9)
FNDA:0,(anonymous_10)
FNDA:0,(anonymous_11)
FNDA:0,(anonymous_12)
FNDA:0,(anonymous_13)
FNDA:0,(anonymous_14)
FNDA:0,(anonymous_15)
FNDA:0,(anonymous_16)
FNDA:0,(anonymous_17)
FNDA:0,(anonymous_18)
FNDA:0,(anonymous_19)
FNDA:0,(anonymous_20)
FNDA:0,(anonymous_21)
FNDA:0,(anonymous_22)
FNDA:0,(anonymous_23)
FNDA:0,(anonymous_24)
FNDA:0,(anonymous_25)
FNDA:0,(anonymous_26)
FNDA:0,(anonymous_27)
FNDA:0,(anonymous_28)
FNDA:0,(anonymous_29)
FNDA:0,(anonymous_30)
FNDA:0,(anonymous_31)
FNDA:0,(anonymous_32)
FNDA:0,(anonymous_33)
FNDA:0,(anonymous_34)
FNDA:0,(anonymous_35)
FNDA:0,(anonymous_36)
FNDA:0,(anonymous_37)
FNDA:0,(anonymous_38)
FNDA:0,(anonymous_39)
FNDA:0,(anonymous_40)
FNDA:0,(anonymous_41)
DA:1,1
DA:2,1
DA:5,1
DA:6,0
DA:17,0
DA:20,0
DA:23,0
DA:24,0
DA:25,0
DA:26,0
DA:27,0
DA:28,0
DA:30,0
DA:31,0
DA:32,0
DA:33,0
DA:38,0
DA:39,0
DA:45,0
DA:46,0
DA:49,0
DA:50,0
DA:53,0
DA:54,0
DA:55,0
DA:58,0
DA:62,0
DA:63,0
DA:66,0
DA:71,0
DA:72,0
DA:76,0
DA:77,0
DA:83,0
DA:85,0
DA:92,0
DA:95,0
DA:101,0
DA:102,0
DA:105,0
DA:106,0
DA:107,0
DA:111,0
DA:112,0
DA:113,0
DA:120,0
DA:121,0
DA:128,0
DA:131,0
DA:133,0
DA:137,0
DA:138,0
DA:141,0
DA:142,0
DA:146,0
DA:167,0
DA:171,0
DA:173,0
DA:182,0
DA:183,0
DA:192,1
DA:193,0
DA:194,0
DA:195,0
DA:196,0
DA:197,0
DA:198,0
DA:201,0
DA:202,0
DA:208,0
DA:209,0
DA:212,0
DA:215,0
DA:218,0
DA:229,0
DA:238,0
DA:239,0
DA:240,0
DA:250,0
DA:252,0
DA:256,0
DA:257,0
DA:260,0
DA:261,0
DA:265,0
DA:287,0
DA:290,0
DA:291,0
DA:293,0
DA:295,0
DA:297,0
DA:306,0
DA:307,0
DA:316,1
DA:317,0
DA:318,0
DA:320,0
DA:321,0
DA:327,0
DA:328,0
DA:335,0
DA:336,0
DA:343,0
DA:344,0
DA:345,0
DA:352,0
DA:353,0
DA:355,0
DA:356,0
DA:357,0
DA:358,0
DA:359,0
DA:361,0
DA:366,0
DA:367,0
DA:369,0
DA:370,0
DA:374,0
DA:375,0
DA:376,0
DA:377,0
DA:379,0
DA:380,0
DA:384,0
DA:393,0
DA:394,0
DA:395,0
DA:396,0
DA:398,0
DA:411,0
DA:412,0
DA:417,0
DA:424,0
DA:425,0
DA:433,0
DA:434,0
DA:435,0
DA:436,0
DA:439,0
DA:440,0
DA:441,0
DA:444,0
DA:452,0
DA:453,0
DA:457,0
DA:460,0
DA:462,0
DA:464,0
DA:465,0
DA:466,0
DA:467,0
DA:468,0
DA:471,0
DA:472,0
DA:477,0
DA:485,0
DA:486,0
DA:489,0
DA:490,0
DA:491,0
DA:494,0
DA:503,0
DA:504,0
DA:505,0
DA:506,0
DA:507,0
DA:509,0
DA:522,0
DA:523,0
DA:524,0
DA:530,0
DA:532,0
DA:533,0
DA:535,0
DA:540,0
DA:546,0
DA:547,0
DA:548,0
DA:549,0
DA:554,0
DA:555,0
DA:556,0
DA:557,0
DA:559,0
DA:563,0
DA:564,0
DA:571,0
DA:572,0
DA:579,0
DA:580,0
DA:581,0
DA:582,0
DA:583,0
DA:586,0
DA:591,0
DA:596,0
DA:602,0
DA:603,0
DA:604,0
DA:605,0
DA:613,0
DA:615,0
DA:622,0
DA:623,0
DA:624,0
DA:625,0
DA:632,0
DA:644,1
DA:645,0
DA:646,0
DA:648,0
DA:649,0
DA:655,0
DA:656,0
DA:657,0
DA:658,0
DA:660,0
DA:668,0
DA:669,0
DA:675,0
DA:676,0
DA:682,0
DA:683,0
DA:689,0
DA:690,0
DA:698,0
DA:699,0
DA:702,0
DA:703,0
DA:705,0
DA:710,0
DA:716,0
DA:717,0
DA:726,1
DA:727,0
DA:729,0
DA:730,0
DA:731,0
DA:736,0
DA:737,0
DA:746,1
DA:747,0
DA:748,0
DA:749,0
DA:751,0
DA:752,0
DA:753,0
DA:760,0
DA:761,0
DA:764,0
DA:766,0
DA:767,0
DA:768,0
DA:769,0
DA:771,0
DA:772,0
DA:773,0
DA:774,0
DA:776,0
DA:777,0
DA:778,0
DA:782,0
DA:788,0
DA:791,0
DA:793,0
DA:795,0
DA:796,0
DA:797,0
DA:803,0
DA:805,0
DA:808,0
DA:811,0
DA:814,0
DA:819,0
DA:826,0
DA:829,0
DA:830,0
DA:831,0
DA:840,0
DA:849,0
DA:850,0
DA:859,1
DA:860,0
DA:861,0
DA:862,0
DA:864,0
DA:865,0
DA:867,0
DA:868,0
DA:870,0
DA:873,0
DA:877,1
DA:878,0
DA:879,0
DA:881,0
DA:882,0
DA:888,0
DA:889,0
DA:890,0
DA:896,0
DA:897,0
DA:898,0
DA:899,0
DA:902,0
DA:903,0
DA:905,0
DA:906,0
DA:907,0
DA:910,0
DA:918,0
DA:920,0
DA:921,0
DA:922,0
DA:923,0
DA:924,0
DA:925,0
DA:927,0
DA:928,0
DA:930,0
DA:931,0
DA:934,0
DA:944,0
DA:945,0
DA:949,0
DA:952,0
DA:959,0
DA:960,0
DA:969,1
DA:970,0
DA:971,0
DA:972,0
DA:973,0
DA:974,0
DA:977,0
DA:981,0
DA:983,0
DA:986,0
DA:992,0
DA:993,0
DA:995,0
DA:998,0
DA:1000,0
DA:1004,0
DA:1005,0
DA:1008,0
DA:1010,0
DA:1017,0
DA:1018,0
DA:1027,1
LF:349
LH:12
BRDA:8,0,0,0
BRDA:9,1,0,0
BRDA:15,2,0,0
BRDA:23,3,0,0
BRDA:23,3,1,0
BRDA:23,4,0,0
BRDA:23,4,1,0
BRDA:25,5,0,0
BRDA:25,5,1,0
BRDA:30,6,0,0
BRDA:30,6,1,0
BRDA:38,7,0,0
BRDA:38,7,1,0
BRDA:45,8,0,0
BRDA:45,8,1,0
BRDA:53,9,0,0
BRDA:53,9,1,0
BRDA:53,10,0,0
BRDA:53,10,1,0
BRDA:54,11,0,0
BRDA:54,11,1,0
BRDA:62,12,0,0
BRDA:62,12,1,0
BRDA:71,13,0,0
BRDA:71,13,1,0
BRDA:71,14,0,0
BRDA:71,14,1,0
BRDA:76,15,0,0
BRDA:76,15,1,0
BRDA:95,16,0,0
BRDA:95,16,1,0
BRDA:96,17,0,0
BRDA:96,17,1,0
BRDA:96,17,2,0
BRDA:96,17,3,0
BRDA:106,18,0,0
BRDA:106,18,1,0
BRDA:106,19,0,0
BRDA:106,19,1,0
BRDA:112,20,0,0
BRDA:112,20,1,0
BRDA:120,21,0,0
BRDA:120,21,1,0
BRDA:133,22,0,0
BRDA:133,22,1,0
BRDA:133,22,2,0
BRDA:151,23,0,0
BRDA:151,23,1,0
BRDA:152,24,0,0
BRDA:152,24,1,0
BRDA:156,25,0,0
BRDA:156,25,1,0
BRDA:201,26,0,0
BRDA:201,26,1,0
BRDA:208,27,0,0
BRDA:208,27,1,0
BRDA:232,28,0,0
BRDA:232,28,1,0
BRDA:239,29,0,0
BRDA:239,29,1,0
BRDA:239,30,0,0
BRDA:239,30,1,0
BRDA:252,31,0,0
BRDA:252,31,1,0
BRDA:252,31,2,0
BRDA:270,32,0,0
BRDA:270,32,1,0
BRDA:271,33,0,0
BRDA:271,33,1,0
BRDA:275,34,0,0
BRDA:275,34,1,0
BRDA:291,35,0,0
BRDA:291,35,1,0
BRDA:320,36,0,0
BRDA:320,36,1,0
BRDA:328,37,0,0
BRDA:328,37,1,0
BRDA:335,38,0,0
BRDA:335,38,1,0
BRDA:343,39,0,0
BRDA:343,39,1,0
BRDA:352,40,0,0
BRDA:352,40,1,0
BRDA:352,41,0,0
BRDA:352,41,1,0
BRDA:356,42,0,0
BRDA:356,42,1,0
BRDA:366,43,0,0
BRDA:366,43,1,0
BRDA:367,44,0,0
BRDA:367,44,1,0
BRDA:369,45,0,0
BRDA:369,45,1,0
BRDA:393,46,0,0
BRDA:393,46,1,0
BRDA:411,47,0,0
BRDA:411,47,1,0
BRDA:411,48,0,0
BRDA:411,48,1,0
BRDA:424,49,0,0
BRDA:424,49,1,0
BRDA:424,50,0,0
BRDA:424,50,1,0
BRDA:440,51,0,0
BRDA:440,51,1,0
BRDA:446,52,0,0
BRDA:446,52,1,0
BRDA:447,53,0,0
BRDA:447,53,1,0
BRDA:452,54,0,0
BRDA:452,54,1,0
BRDA:457,55,0,0
BRDA:457,55,1,0
BRDA:457,55,2,0
BRDA:462,56,0,0
BRDA:462,56,1,0
BRDA:489,57,0,0
BRDA:489,57,1,0
BRDA:489,58,0,0
BRDA:489,58,1,0
BRDA:489,58,2,0
BRDA:503,59,0,0
BRDA:503,59,1,0
BRDA:522,60,0,0
BRDA:522,60,1,0
BRDA:546,61,0,0
BRDA:546,61,1,0
BRDA:554,62,0,0
BRDA:554,62,1,0
BRDA:563,63,0,0
BRDA:563,63,1,0
BRDA:571,64,0,0
BRDA:571,64,1,0
BRDA:602,65,0,0
BRDA:602,65,1,0
BRDA:613,66,0,0
BRDA:613,66,1,0
BRDA:622,67,0,0
BRDA:622,67,1,0
BRDA:638,68,0,0
BRDA:638,68,1,0
BRDA:648,69,0,0
BRDA:648,69,1,0
BRDA:668,70,0,0
BRDA:668,70,1,0
BRDA:675,71,0,0
BRDA:675,71,1,0
BRDA:682,72,0,0
BRDA:682,72,1,0
BRDA:692,73,0,0
BRDA:692,73,1,0
BRDA:693,74,0,0
BRDA:693,74,1,0
BRDA:698,75,0,0
BRDA:698,75,1,0
BRDA:729,76,0,0
BRDA:729,76,1,0
BRDA:749,77,0,0
BRDA:752,78,0,0
BRDA:752,78,1,0
BRDA:764,79,0,0
BRDA:764,79,1,0
BRDA:764,79,2,0
BRDA:793,80,0,0
BRDA:793,80,1,0
BRDA:805,81,0,0
BRDA:805,81,1,0
BRDA:808,82,0,0
BRDA:808,82,1,0
BRDA:811,83,0,0
BRDA:811,83,1,0
BRDA:814,84,0,0
BRDA:814,84,1,0
BRDA:820,85,0,0
BRDA:820,85,1,0
BRDA:836,86,0,0
BRDA:836,86,1,0
BRDA:867,87,0,0
BRDA:867,87,1,0
BRDA:867,88,0,0
BRDA:867,88,1,0
BRDA:881,89,0,0
BRDA:881,89,1,0
BRDA:881,90,0,0
BRDA:881,90,1,0
BRDA:881,90,2,0
BRDA:881,90,3,0
BRDA:889,91,0,0
BRDA:889,91,1,0
BRDA:898,92,0,0
BRDA:898,92,1,0
BRDA:918,93,0,0
BRDA:918,93,1,0
BRDA:924,94,0,0
BRDA:924,94,1,0
BRDA:927,95,0,0
BRDA:927,95,1,0
BRDA:969,96,0,0
BRDA:993,97,0,0
BRDA:993,97,1,0
BRDA:1000,98,0,0
BRDA:1000,98,1,0
BRDA:1000,98,2,0
BRF:203
BRH:0
end_of_record
TN:
SF:Restaurant\RestaurantController\RestaurantBranchController.js
FN:9,(anonymous_0)
FN:19,(anonymous_1)
FN:28,(anonymous_2)
FN:99,(anonymous_3)
FN:113,(anonymous_4)
FN:133,(anonymous_5)
FN:161,(anonymous_6)
FN:194,(anonymous_7)
FN:214,(anonymous_8)
FN:261,(anonymous_9)
FN:276,(anonymous_10)
FNF:11
FNH:0
FNDA:0,(anonymous_0)
FNDA:0,(anonymous_1)
FNDA:0,(anonymous_2)
FNDA:0,(anonymous_3)
FNDA:0,(anonymous_4)
FNDA:0,(anonymous_5)
FNDA:0,(anonymous_6)
FNDA:0,(anonymous_7)
FNDA:0,(anonymous_8)
FNDA:0,(anonymous_9)
FNDA:0,(anonymous_10)
DA:1,1
DA:2,1
DA:3,1
DA:4,1
DA:5,1
DA:6,1
DA:9,1
DA:11,0
DA:12,0
DA:13,0
DA:14,0
DA:19,1
DA:20,0
DA:22,0
DA:23,0
DA:24,0
DA:28,1
DA:29,0
DA:31,0
DA:33,0
DA:34,0
DA:37,0
DA:39,0
DA:40,0
DA:41,0
DA:44,0
DA:48,0
DA:50,0
DA:52,0
DA:53,0
DA:54,0
DA:56,0
DA:57,0
DA:58,0
DA:59,0
DA:62,0
DA:63,0
DA:64,0
DA:68,0
DA:71,0
DA:72,0
DA:74,0
DA:75,0
DA:79,0
DA:80,0
DA:81,0
DA:84,0
DA:85,0
DA:87,0
DA:88,0
DA:90,0
DA:91,0
DA:92,0
DA:99,1
DA:100,0
DA:102,0
DA:104,0
DA:105,0
DA:107,0
DA:108,0
DA:109,0
DA:113,1
DA:114,0
DA:116,0
DA:118,0
DA:120,0
DA:121,0
DA:123,0
DA:124,0
DA:127,0
DA:128,0
DA:129,0
DA:133,1
DA:134,0
DA:136,0
DA:138,0
DA:139,0
DA:142,0
DA:144,0
DA:145,0
DA:146,0
DA:149,0
DA:150,0
DA:153,0
DA:154,0
DA:156,0
DA:157,0
DA:161,0
DA:164,0
DA:165,0
DA:167,0
DA:168,0
DA:169,0
DA:173,0
DA:174,0
DA:175,0
DA:177,0
DA:178,0
DA:182,0
DA:187,0
DA:188,0
DA:189,0
DA:193,0
DA:194,0
DA:195,0
DA:196,0
DA:197,0
DA:198,0
DA:204,0
DA:205,0
DA:213,0
DA:214,0
DA:215,0
DA:216,0
DA:223,0
DA:232,0
DA:233,0
DA:235,0
DA:236,0
DA:239,0
DA:243,0
DA:245,0
DA:249,0
DA:250,0
DA:252,0
DA:253,0
DA:254,0
DA:261,1
DA:262,0
DA:264,0
DA:266,0
DA:268,0
DA:269,0
DA:270,0
DA:274,0
DA:275,0
DA:276,0
DA:277,0
DA:278,0
DA:282,0
DA:285,0
DA:286,0
DA:287,0
DA:289,0
DA:293,0
DA:295,0
DA:296,0
DA:297,0
DA:301,1
LF:149
LH:14
BRDA:12,0,0,0
BRDA:12,0,1,0
BRDA:22,1,0,0
BRDA:22,1,1,0
BRDA:39,2,0,0
BRDA:39,2,1,0
BRDA:48,3,0,0
BRDA:48,3,1,0
BRDA:50,4,0,0
BRDA:50,4,1,0
BRDA:50,5,0,0
BRDA:50,5,1,0
BRDA:54,6,0,0
BRDA:54,6,1,0
BRDA:58,7,0,0
BRDA:58,7,1,0
BRDA:62,8,0,0
BRDA:62,8,1,0
BRDA:62,9,0,0
BRDA:62,9,1,0
BRDA:71,10,0,0
BRDA:71,10,1,0
BRDA:72,11,0,0
BRDA:72,11,1,0
BRDA:74,12,0,0
BRDA:74,12,1,0
BRDA:75,13,0,0
BRDA:75,13,1,0
BRDA:79,14,0,0
BRDA:79,14,1,0
BRDA:91,15,0,0
BRDA:91,15,1,0
BRDA:94,16,0,0
BRDA:94,16,1,0
BRDA:108,17,0,0
BRDA:108,17,1,0
BRDA:120,18,0,0
BRDA:120,18,1,0
BRDA:128,19,0,0
BRDA:128,19,1,0
BRDA:144,20,0,0
BRDA:144,20,1,0
BRDA:153,21,0,0
BRDA:153,21,1,0
BRDA:154,22,0,0
BRDA:154,22,1,0
BRDA:156,23,0,0
BRDA:156,23,1,0
BRDA:157,24,0,0
BRDA:157,24,1,0
BRDA:161,25,0,0
BRDA:161,25,1,0
BRDA:165,26,0,0
BRDA:165,26,1,0
BRDA:168,27,0,0
BRDA:168,27,1,0
BRDA:168,28,0,0
BRDA:168,28,1,0
BRDA:175,29,0,0
BRDA:175,29,1,0
BRDA:187,30,0,0
BRDA:187,30,1,0
BRDA:193,31,0,0
BRDA:193,31,1,0
BRDA:195,32,0,0
BRDA:195,32,1,0
BRDA:195,33,0,0
BRDA:195,33,1,0
BRDA:197,34,0,0
BRDA:197,34,1,0
BRDA:213,35,0,0
BRDA:213,35,1,0
BRDA:215,36,0,0
BRDA:215,36,1,0
BRDA:218,37,0,0
BRDA:218,37,1,0
BRDA:219,38,0,0
BRDA:219,38,1,0
BRDA:220,39,0,0
BRDA:220,39,1,0
BRDA:232,40,0,0
BRDA:232,40,1,0
BRDA:235,41,0,0
BRDA:235,41,1,0
BRDA:253,42,0,0
BRDA:253,42,1,0
BRDA:256,43,0,0
BRDA:256,43,1,0
BRDA:268,44,0,0
BRDA:268,44,1,0
BRDA:274,45,0,0
BRDA:274,45,1,0
BRDA:277,46,0,0
BRDA:277,46,1,0
BRDA:277,47,0,0
BRDA:277,47,1,0
BRDA:278,48,0,0
BRDA:278,48,1,0
BRDA:296,49,0,0
BRDA:296,49,1,0
BRF:100
BRH:0
end_of_record
TN:
SF:Restaurant\RestaurantController\RestaurantEmployeeRegistrationController.js
FN:9,(anonymous_0)
FN:16,(anonymous_1)
FN:22,(anonymous_2)
FN:42,(anonymous_3)
FN:106,(anonymous_4)
FN:129,(anonymous_5)
FN:255,(anonymous_6)
FN:382,(anonymous_7)
FN:415,(anonymous_8)
FN:433,(anonymous_9)
FN:446,(anonymous_10)
FN:447,(anonymous_11)
FN:448,(anonymous_12)
FN:451,(anonymous_13)
FN:455,(anonymous_14)
FN:457,(anonymous_15)
FN:460,(anonymous_16)
FN:462,(anonymous_17)
FN:465,(anonymous_18)
FN:467,(anonymous_19)
FN:468,(anonymous_20)
FN:472,(anonymous_21)
FN:504,(anonymous_22)
FN:519,(anonymous_23)
FNF:24
FNH:0
FNDA:0,(anonymous_0)
FNDA:0,(anonymous_1)
FNDA:0,(anonymous_2)
FNDA:0,(anonymous_3)
FNDA:0,(anonymous_4)
FNDA:0,(anonymous_5)
FNDA:0,(anonymous_6)
FNDA:0,(anonymous_7)
FNDA:0,(anonymous_8)
FNDA:0,(anonymous_9)
FNDA:0,(anonymous_10)
FNDA:0,(anonymous_11)
FNDA:0,(anonymous_12)
FNDA:0,(anonymous_13)
FNDA:0,(anonymous_14)
FNDA:0,(anonymous_15)
FNDA:0,(anonymous_16)
FNDA:0,(anonymous_17)
FNDA:0,(anonymous_18)
FNDA:0,(anonymous_19)
FNDA:0,(anonymous_20)
FNDA:0,(anonymous_21)
FNDA:0,(anonymous_22)
FNDA:0,(anonymous_23)
DA:1,1
DA:2,1
DA:3,1
DA:4,1
DA:5,1
DA:8,1
DA:10,0
DA:11,0
DA:12,0
DA:14,0
DA:17,0
DA:18,0
DA:22,1
DA:23,0
DA:24,0
DA:26,0
DA:30,1
DA:39,1
DA:42,1
DA:43,0
DA:51,0
DA:53,0
DA:55,0
DA:68,0
DA:74,0
DA:75,0
DA:78,0
DA:79,0
DA:85,0
DA:86,0
DA:88,0
DA:96,0
DA:97,0
DA:106,1
DA:107,0
DA:108,0
DA:109,0
DA:110,0
DA:115,0
DA:120,0
DA:129,1
DA:130,0
DA:131,0
DA:135,0
DA:137,0
DA:138,0
DA:139,0
DA:140,0
DA:171,0
DA:174,0
DA:175,0
DA:176,0
DA:185,0
DA:216,0
DA:217,0
DA:218,0
DA:222,0
DA:223,0
DA:224,0
DA:225,0
DA:227,0
DA:231,0
DA:232,0
DA:234,0
DA:236,0
DA:242,0
DA:243,0
DA:252,1
DA:255,1
DA:256,0
DA:257,0
DA:261,0
DA:262,0
DA:292,0
DA:294,0
DA:298,0
DA:299,0
DA:308,0
DA:335,0
DA:336,0
DA:337,0
DA:341,0
DA:342,0
DA:343,0
DA:344,0
DA:346,0
DA:350,0
DA:356,0
DA:357,0
DA:363,0
DA:369,0
DA:370,0
DA:379,1
DA:382,1
DA:383,0
DA:384,0
DA:385,0
DA:386,0
DA:393,0
DA:394,0
DA:395,0
DA:396,0
DA:400,0
DA:405,0
DA:415,1
DA:416,0
DA:417,0
DA:418,0
DA:419,0
DA:421,0
DA:422,0
DA:423,0
DA:426,0
DA:434,0
DA:446,0
DA:447,0
DA:448,0
DA:451,0
DA:455,0
DA:457,0
DA:460,0
DA:462,0
DA:465,0
DA:467,0
DA:468,0
DA:473,0
DA:483,0
DA:484,0
DA:485,0
DA:486,0
DA:488,0
DA:489,0
DA:495,0
DA:497,0
DA:498,0
DA:504,1
DA:505,0
DA:508,0
DA:519,0
DA:520,0
DA:521,0
DA:526,0
DA:530,0
DA:534,0
DA:535,0
DA:539,0
DA:540,0
DA:541,0
DA:545,0
DA:546,0
DA:550,0
DA:551,0
DA:555,0
LF:153
LH:18
BRDA:11,0,0,0
BRDA:11,0,1,0
BRDA:23,1,0,0
BRDA:23,1,1,0
BRDA:45,2,0,0
BRDA:46,3,0,0
BRDA:47,4,0,0
BRDA:49,5,0,0
BRDA:50,6,0,0
BRDA:53,7,0,0
BRDA:53,7,1,0
BRDA:55,8,0,0
BRDA:55,8,1,0
BRDA:74,9,0,0
BRDA:74,9,1,0
BRDA:78,10,0,0
BRDA:78,10,1,0
BRDA:78,11,0,0
BRDA:78,11,1,0
BRDA:109,12,0,0
BRDA:109,12,1,0
BRDA:133,13,0,0
BRDA:133,13,1,0
BRDA:138,14,0,0
BRDA:138,14,1,0
BRDA:175,15,0,0
BRDA:175,15,1,0
BRDA:175,16,0,0
BRDA:175,16,1,0
BRDA:189,17,0,0
BRDA:189,17,1,0
BRDA:189,18,0,0
BRDA:189,18,1,0
BRDA:201,19,0,0
BRDA:201,19,1,0
BRDA:202,20,0,0
BRDA:202,20,1,0
BRDA:203,21,0,0
BRDA:203,21,1,0
BRDA:204,22,0,0
BRDA:204,22,1,0
BRDA:205,23,0,0
BRDA:205,23,1,0
BRDA:206,24,0,0
BRDA:206,24,1,0
BRDA:207,25,0,0
BRDA:207,25,1,0
BRDA:208,26,0,0
BRDA:208,26,1,0
BRDA:209,27,0,0
BRDA:209,27,1,0
BRDA:211,28,0,0
BRDA:211,28,1,0
BRDA:216,29,0,0
BRDA:216,29,1,0
BRDA:222,30,0,0
BRDA:222,30,1,0
BRDA:261,31,0,0
BRDA:261,31,1,0
BRDA:298,32,0,0
BRDA:298,32,1,0
BRDA:298,33,0,0
BRDA:298,33,1,0
BRDA:321,34,0,0
BRDA:321,34,1,0
BRDA:322,35,0,0
BRDA:322,35,1,0
BRDA:323,36,0,0
BRDA:323,36,1,0
BRDA:324,37,0,0
BRDA:324,37,1,0
BRDA:325,38,0,0
BRDA:325,38,1,0
BRDA:326,39,0,0
BRDA:326,39,1,0
BRDA:327,40,0,0
BRDA:327,40,1,0
BRDA:328,41,0,0
BRDA:328,41,1,0
BRDA:329,42,0,0
BRDA:329,42,1,0
BRDA:335,43,0,0
BRDA:335,43,1,0
BRDA:341,44,0,0
BRDA:341,44,1,0
BRDA:356,45,0,0
BRDA:356,45,1,0
BRDA:385,46,0,0
BRDA:385,46,1,0
BRDA:393,47,0,0
BRDA:393,47,1,0
BRDA:395,48,0,0
BRDA:395,48,1,0
BRDA:421,49,0,0
BRDA:421,49,1,0
BRDA:421,50,0,0
BRDA:421,50,1,0
BRDA:434,51,0,0
BRDA:434,51,1,0
BRDA:446,52,0,0
BRDA:446,52,1,0
BRDA:447,53,0,0
BRDA:447,53,1,0
BRDA:448,54,0,0
BRDA:448,54,1,0
BRDA:451,55,0,0
BRDA:451,55,1,0
BRDA:455,56,0,0
BRDA:455,56,1,0
BRDA:457,57,0,0
BRDA:457,57,1,0
BRDA:460,58,0,0
BRDA:460,58,1,0
BRDA:462,59,0,0
BRDA:462,59,1,0
BRDA:465,60,0,0
BRDA:465,60,1,0
BRDA:467,61,0,0
BRDA:467,61,1,0
BRDA:468,62,0,0
BRDA:468,62,1,0
BRDA:473,63,0,0
BRDA:473,63,1,0
BRDA:504,64,0,0
BRDA:520,65,0,0
BRDA:520,65,1,0
BRDA:520,66,0,0
BRDA:520,66,1,0
BRDA:526,67,0,0
BRDA:526,67,1,0
BRDA:527,68,0,0
BRDA:527,68,1,0
BRDA:534,69,0,0
BRDA:534,69,1,0
BRDA:534,70,0,0
BRDA:534,70,1,0
BRDA:540,71,0,0
BRDA:540,71,1,0
BRDA:540,72,0,0
BRDA:540,72,1,0
BRDA:545,73,0,0
BRDA:545,73,1,0
BRDA:545,74,0,0
BRDA:545,74,1,0
BRDA:550,75,0,0
BRDA:550,75,1,0
BRF:146
BRH:0
end_of_record
TN:
SF:Restaurant\RestaurantController\RestaurantGoodReceiptNotesController.js
FN:10,(anonymous_0)
FN:88,(anonymous_1)
FN:124,(anonymous_2)
FN:139,(anonymous_3)
FN:195,(anonymous_4)
FN:196,(anonymous_5)
FN:315,(anonymous_6)
FN:364,(anonymous_7)
FN:413,(anonymous_8)
FN:465,(anonymous_9)
FN:510,(anonymous_10)
FN:526,(anonymous_11)
FN:553,(anonymous_12)
FN:580,(anonymous_13)
FN:629,(anonymous_14)
FN:634,(anonymous_15)
FN:635,(anonymous_16)
FN:636,(anonymous_17)
FN:704,(anonymous_18)
FN:751,(anonymous_19)
FN:798,(anonymous_20)
FN:844,(anonymous_21)
FNF:22
FNH:0
FNDA:0,(anonymous_0)
FNDA:0,(anonymous_1)
FNDA:0,(anonymous_2)
FNDA:0,(anonymous_3)
FNDA:0,(anonymous_4)
FNDA:0,(anonymous_5)
FNDA:0,(anonymous_6)
FNDA:0,(anonymous_7)
FNDA:0,(anonymous_8)
FNDA:0,(anonymous_9)
FNDA:0,(anonymous_10)
FNDA:0,(anonymous_11)
FNDA:0,(anonymous_12)
FNDA:0,(anonymous_13)
FNDA:0,(anonymous_14)
FNDA:0,(anonymous_15)
FNDA:0,(anonymous_16)
FNDA:0,(anonymous_17)
FNDA:0,(anonymous_18)
FNDA:0,(anonymous_19)
FNDA:0,(anonymous_20)
FNDA:0,(anonymous_21)
DA:2,1
DA:3,1
DA:4,1
DA:5,1
DA:6,1
DA:15,0
DA:16,0
DA:17,0
DA:18,0
DA:38,0
DA:40,0
DA:43,0
DA:46,0
DA:47,0
DA:55,0
DA:56,0
DA:57,0
DA:58,0
DA:63,0
DA:64,0
DA:65,0
DA:66,0
DA:70,0
DA:71,0
DA:72,0
DA:74,0
DA:75,0
DA:76,0
DA:77,0
DA:80,0
DA:81,0
DA:82,0
DA:83,0
DA:84,0
DA:86,0
DA:88,0
DA:92,0
DA:94,0
DA:95,0
DA:96,0
DA:97,0
DA:103,0
DA:104,0
DA:105,0
DA:106,0
DA:108,0
DA:110,0
DA:112,0
DA:116,0
DA:124,0
DA:125,0
DA:126,0
DA:127,0
DA:129,0
DA:139,0
DA:148,0
DA:149,0
DA:169,0
DA:172,0
DA:173,0
DA:174,0
DA:175,0
DA:177,0
DA:178,0
DA:179,0
DA:180,0
DA:181,0
DA:185,0
DA:186,0
DA:189,0
DA:190,0
DA:191,0
DA:192,0
DA:193,0
DA:195,0
DA:196,0
DA:197,0
DA:201,0
DA:202,0
DA:203,0
DA:206,0
DA:207,0
DA:213,0
DA:214,0
DA:218,0
DA:219,0
DA:220,0
DA:224,0
DA:225,0
DA:227,0
DA:229,0
DA:235,0
DA:242,0
DA:247,0
DA:255,0
DA:256,0
DA:264,0
DA:265,0
DA:272,0
DA:274,0
DA:275,0
DA:276,0
DA:277,0
DA:278,0
DA:279,0
DA:281,0
DA:286,0
DA:287,0
DA:288,0
DA:289,0
DA:290,0
DA:296,0
DA:300,0
DA:306,0
DA:316,0
DA:326,0
DA:329,0
DA:331,0
DA:332,0
DA:333,0
DA:335,0
DA:336,0
DA:337,0
DA:338,0
DA:341,0
DA:342,0
DA:351,0
DA:357,0
DA:364,0
DA:365,0
DA:368,0
DA:369,0
DA:372,0
DA:375,0
DA:376,0
DA:380,0
DA:381,0
DA:382,0
DA:386,0
DA:389,0
DA:391,0
DA:403,0
DA:404,0
DA:414,0
DA:415,0
DA:417,0
DA:418,0
DA:424,0
DA:427,0
DA:428,0
DA:435,0
DA:436,0
DA:439,0
DA:442,0
DA:443,0
DA:444,0
DA:449,0
DA:455,0
DA:456,0
DA:466,0
DA:467,0
DA:469,0
DA:472,0
DA:473,0
DA:480,0
DA:481,0
DA:484,0
DA:487,0
DA:488,0
DA:489,0
DA:494,0
DA:500,0
DA:501,0
DA:511,0
DA:512,0
DA:513,0
DA:515,0
DA:516,0
DA:523,0
DA:524,0
DA:525,0
DA:526,0
DA:528,0
DA:529,0
DA:537,0
DA:539,0
DA:542,0
DA:543,0
DA:546,0
DA:547,0
DA:548,0
DA:553,0
DA:554,0
DA:555,0
DA:556,0
DA:558,0
DA:559,0
DA:562,0
DA:573,0
DA:574,0
DA:577,0
DA:580,0
DA:590,0
DA:597,0
DA:598,0
DA:601,0
DA:604,0
DA:605,0
DA:606,0
DA:607,0
DA:612,0
DA:613,0
DA:620,0
DA:621,0
DA:622,0
DA:623,0
DA:624,0
DA:626,0
DA:629,0
DA:630,0
DA:634,0
DA:635,0
DA:636,0
DA:637,0
DA:641,0
DA:642,0
DA:643,0
DA:646,0
DA:647,0
DA:654,0
DA:655,0
DA:658,0
DA:660,0
DA:665,0
DA:672,0
DA:677,0
DA:685,0
DA:687,0
DA:688,0
DA:695,0
DA:705,0
DA:706,0
DA:707,0
DA:709,0
DA:710,0
DA:716,0
DA:718,0
DA:719,0
DA:725,0
DA:726,0
DA:732,0
DA:734,0
DA:741,0
DA:742,0
DA:752,0
DA:753,0
DA:754,0
DA:756,0
DA:757,0
DA:763,0
DA:765,0
DA:766,0
DA:772,0
DA:773,0
DA:779,0
DA:781,0
DA:788,0
DA:789,0
DA:799,0
DA:800,0
DA:802,0
DA:803,0
DA:809,0
DA:811,0
DA:812,0
DA:819,0
DA:820,0
DA:826,0
DA:828,0
DA:834,0
DA:835,0
DA:845,0
DA:852,0
DA:862,0
DA:870,0
DA:876,0
DA:877,0
DA:886,1
LF:288
LH:6
BRDA:46,0,0,0
BRDA:46,0,1,0
BRDA:46,1,0,0
BRDA:46,1,1,0
BRDA:46,1,2,0
BRDA:55,2,0,0
BRDA:55,2,1,0
BRDA:55,3,0,0
BRDA:55,3,1,0
BRDA:57,4,0,0
BRDA:57,4,1,0
BRDA:64,5,0,0
BRDA:64,5,1,0
BRDA:64,6,0,0
BRDA:64,6,1,0
BRDA:66,7,0,0
BRDA:66,7,1,0
BRDA:74,8,0,0
BRDA:74,8,1,0
BRDA:81,9,0,0
BRDA:81,9,1,0
BRDA:92,10,0,0
BRDA:92,10,1,0
BRDA:104,11,0,0
BRDA:104,11,1,0
BRDA:104,12,0,0
BRDA:104,12,1,0
BRDA:105,13,0,0
BRDA:105,13,1,0
BRDA:110,14,0,0
BRDA:110,14,1,0
BRDA:117,15,0,0
BRDA:117,15,1,0
BRDA:119,16,0,0
BRDA:119,16,1,0
BRDA:120,17,0,0
BRDA:120,17,1,0
BRDA:125,18,0,0
BRDA:125,18,1,0
BRDA:125,18,2,0
BRDA:126,19,0,0
BRDA:126,19,1,0
BRDA:127,20,0,0
BRDA:127,20,1,0
BRDA:151,21,0,0
BRDA:151,21,1,0
BRDA:152,22,0,0
BRDA:152,22,1,0
BRDA:155,23,0,0
BRDA:155,23,1,0
BRDA:158,24,0,0
BRDA:158,24,1,0
BRDA:159,25,0,0
BRDA:159,25,1,0
BRDA:163,26,0,0
BRDA:163,26,1,0
BRDA:164,27,0,0
BRDA:164,27,1,0
BRDA:165,28,0,0
BRDA:165,28,1,0
BRDA:166,29,0,0
BRDA:166,29,1,0
BRDA:167,30,0,0
BRDA:167,30,1,0
BRDA:172,31,0,0
BRDA:172,31,1,0
BRDA:174,32,0,0
BRDA:174,32,1,0
BRDA:190,33,0,0
BRDA:190,33,1,0
BRDA:193,34,0,0
BRDA:193,34,1,0
BRDA:197,35,0,0
BRDA:197,35,1,0
BRDA:201,36,0,0
BRDA:201,36,1,0
BRDA:202,37,0,0
BRDA:202,37,1,0
BRDA:202,37,2,0
BRDA:203,38,0,0
BRDA:203,38,1,0
BRDA:206,39,0,0
BRDA:206,39,1,0
BRDA:213,40,0,0
BRDA:213,40,1,0
BRDA:218,41,0,0
BRDA:218,41,1,0
BRDA:219,42,0,0
BRDA:219,42,1,0
BRDA:251,43,0,0
BRDA:251,43,1,0
BRDA:264,44,0,0
BRDA:264,44,1,0
BRDA:272,45,0,0
BRDA:272,45,1,0
BRDA:274,46,0,0
BRDA:274,46,1,0
BRDA:318,47,0,0
BRDA:319,48,0,0
BRDA:331,49,0,0
BRDA:331,49,1,0
BRDA:332,50,0,0
BRDA:332,50,1,0
BRDA:333,51,0,0
BRDA:333,51,1,0
BRDA:335,52,0,0
BRDA:335,52,1,0
BRDA:335,53,0,0
BRDA:335,53,1,0
BRDA:337,54,0,0
BRDA:337,54,1,0
BRDA:338,55,0,0
BRDA:338,55,1,0
BRDA:341,56,0,0
BRDA:341,56,1,0
BRDA:365,57,0,0
BRDA:365,57,1,0
BRDA:368,58,0,0
BRDA:368,58,1,0
BRDA:369,59,0,0
BRDA:369,59,1,0
BRDA:372,60,0,0
BRDA:372,60,1,0
BRDA:375,61,0,0
BRDA:375,61,1,0
BRDA:375,62,0,0
BRDA:375,62,1,0
BRDA:380,63,0,0
BRDA:380,63,1,0
BRDA:380,64,0,0
BRDA:380,64,1,0
BRDA:381,65,0,0
BRDA:381,65,1,0
BRDA:381,66,0,0
BRDA:381,66,1,0
BRDA:417,67,0,0
BRDA:417,67,1,0
BRDA:427,68,0,0
BRDA:427,68,1,0
BRDA:435,69,0,0
BRDA:435,69,1,0
BRDA:435,70,0,0
BRDA:435,70,1,0
BRDA:436,71,0,0
BRDA:436,71,1,0
BRDA:439,72,0,0
BRDA:439,72,1,0
BRDA:442,73,0,0
BRDA:442,73,1,0
BRDA:442,74,0,0
BRDA:442,74,1,0
BRDA:443,75,0,0
BRDA:443,75,1,0
BRDA:443,76,0,0
BRDA:443,76,1,0
BRDA:472,77,0,0
BRDA:472,77,1,0
BRDA:480,78,0,0
BRDA:480,78,1,0
BRDA:480,79,0,0
BRDA:480,79,1,0
BRDA:481,80,0,0
BRDA:481,80,1,0
BRDA:484,81,0,0
BRDA:484,81,1,0
BRDA:487,82,0,0
BRDA:487,82,1,0
BRDA:487,83,0,0
BRDA:487,83,1,0
BRDA:488,84,0,0
BRDA:488,84,1,0
BRDA:488,85,0,0
BRDA:488,85,1,0
BRDA:515,86,0,0
BRDA:515,86,1,0
BRDA:524,87,0,0
BRDA:524,87,1,0
BRDA:524,88,0,0
BRDA:524,88,1,0
BRDA:528,89,0,0
BRDA:528,89,1,0
BRDA:537,90,0,0
BRDA:537,90,1,0
BRDA:537,91,0,0
BRDA:537,91,1,0
BRDA:539,92,0,0
BRDA:539,92,1,0
BRDA:539,92,2,0
BRDA:542,93,0,0
BRDA:542,93,1,0
BRDA:542,94,0,0
BRDA:542,94,1,0
BRDA:543,95,0,0
BRDA:543,95,1,0
BRDA:546,96,0,0
BRDA:546,96,1,0
BRDA:547,97,0,0
BRDA:547,97,1,0
BRDA:547,98,0,0
BRDA:547,98,1,0
BRDA:554,99,0,0
BRDA:554,99,1,0
BRDA:554,99,2,0
BRDA:555,100,0,0
BRDA:555,100,1,0
BRDA:556,101,0,0
BRDA:556,101,1,0
BRDA:558,102,0,0
BRDA:558,102,1,0
BRDA:558,103,0,0
BRDA:558,103,1,0
BRDA:568,104,0,0
BRDA:568,104,1,0
BRDA:573,105,0,0
BRDA:573,105,1,0
BRDA:573,106,0,0
BRDA:573,106,1,0
BRDA:597,107,0,0
BRDA:597,107,1,0
BRDA:597,108,0,0
BRDA:597,108,1,0
BRDA:598,109,0,0
BRDA:598,109,1,0
BRDA:601,110,0,0
BRDA:601,110,1,0
BRDA:604,111,0,0
BRDA:604,111,1,0
BRDA:604,112,0,0
BRDA:604,112,1,0
BRDA:605,113,0,0
BRDA:605,113,1,0
BRDA:605,114,0,0
BRDA:605,114,1,0
BRDA:612,115,0,0
BRDA:612,115,1,0
BRDA:621,116,0,0
BRDA:621,116,1,0
BRDA:621,117,0,0
BRDA:621,117,1,0
BRDA:624,118,0,0
BRDA:624,118,1,0
BRDA:637,119,0,0
BRDA:637,119,1,0
BRDA:641,120,0,0
BRDA:641,120,1,0
BRDA:642,121,0,0
BRDA:642,121,1,0
BRDA:642,121,2,0
BRDA:642,121,3,0
BRDA:643,122,0,0
BRDA:643,122,1,0
BRDA:646,123,0,0
BRDA:646,123,1,0
BRDA:654,124,0,0
BRDA:654,124,1,0
BRDA:681,125,0,0
BRDA:681,125,1,0
BRDA:687,126,0,0
BRDA:687,126,1,0
BRDA:709,127,0,0
BRDA:709,127,1,0
BRDA:718,128,0,0
BRDA:718,128,1,0
BRDA:725,129,0,0
BRDA:725,129,1,0
BRDA:732,130,0,0
BRDA:732,130,1,0
BRDA:756,131,0,0
BRDA:756,131,1,0
BRDA:765,132,0,0
BRDA:765,132,1,0
BRDA:772,133,0,0
BRDA:772,133,1,0
BRDA:779,134,0,0
BRDA:779,134,1,0
BRDA:779,135,0,0
BRDA:779,135,1,0
BRDA:802,136,0,0
BRDA:802,136,1,0
BRDA:811,137,0,0
BRDA:811,137,1,0
BRDA:819,138,0,0
BRDA:819,138,1,0
BRDA:867,139,0,0
BRDA:867,139,1,0
BRF:285
BRH:0
end_of_record
TN:
SF:Restaurant\RestaurantController\RestaurantInvoiceController.js
FN:6,(anonymous_0)
FN:67,(anonymous_1)
FN:115,(anonymous_2)
FN:132,(anonymous_3)
FN:171,(anonymous_4)
FN:210,(anonymous_5)
FN:242,(anonymous_6)
FN:266,(anonymous_7)
FN:300,(anonymous_8)
FN:325,(anonymous_9)
FNF:10
FNH:0
FNDA:0,(anonymous_0)
FNDA:0,(anonymous_1)
FNDA:0,(anonymous_2)
FNDA:0,(anonymous_3)
FNDA:0,(anonymous_4)
FNDA:0,(anonymous_5)
FNDA:0,(anonymous_6)
FNDA:0,(anonymous_7)
FNDA:0,(anonymous_8)
FNDA:0,(anonymous_9)
DA:1,1
DA:2,1
DA:3,1
DA:6,1
DA:7,0
DA:8,0
DA:10,0
DA:11,0
DA:14,0
DA:15,0
DA:16,0
DA:23,0
DA:24,0
DA:25,0
DA:31,0
DA:35,0
DA:37,0
DA:38,0
DA:41,0
DA:45,0
DA:46,0
DA:52,0
DA:55,0
DA:56,0
DA:59,0
DA:67,0
DA:81,0
DA:82,0
DA:85,0
DA:86,0
DA:87,0
DA:88,0
DA:89,0
DA:93,0
DA:94,0
DA:95,0
DA:96,0
DA:99,0
DA:105,0
DA:106,0
DA:115,1
DA:116,0
DA:117,0
DA:120,0
DA:121,0
DA:122,0
DA:129,0
DA:132,0
DA:133,0
DA:136,0
DA:147,0
DA:150,0
DA:151,0
DA:152,0
DA:155,0
DA:161,0
DA:162,0
DA:171,1
DA:172,0
DA:173,0
DA:175,0
DA:176,0
DA:177,0
DA:179,0
DA:187,0
DA:189,0
DA:200,0
DA:201,0
DA:210,1
DA:211,0
DA:212,0
DA:214,0
DA:220,0
DA:221,0
DA:227,0
DA:232,0
DA:233,0
DA:242,1
DA:243,0
DA:244,0
DA:246,0
DA:251,0
DA:256,0
DA:257,0
DA:266,1
DA:267,0
DA:268,0
DA:269,0
DA:271,0
DA:277,0
DA:278,0
DA:284,0
DA:290,0
DA:291,0
DA:300,1
DA:301,0
DA:302,0
DA:304,0
DA:305,0
DA:306,0
DA:313,0
DA:314,0
DA:320,0
DA:323,0
DA:324,0
DA:325,0
DA:326,0
DA:329,0
DA:334,0
DA:335,0
DA:343,1
LF:111
LH:11
BRDA:15,0,0,0
BRDA:15,0,1,0
BRDA:24,1,0,0
BRDA:24,1,1,0
BRDA:35,2,0,0
BRDA:35,2,1,0
BRDA:37,3,0,0
BRDA:37,3,1,0
BRDA:45,4,0,0
BRDA:45,4,1,0
BRDA:63,5,0,0
BRDA:63,5,1,0
BRDA:65,6,0,0
BRDA:65,6,1,0
BRDA:69,7,0,0
BRDA:69,7,1,0
BRDA:75,8,0,0
BRDA:75,8,1,0
BRDA:76,9,0,0
BRDA:76,9,1,0
BRDA:76,10,0,0
BRDA:76,10,1,0
BRDA:85,11,0,0
BRDA:85,11,1,0
BRDA:86,12,0,0
BRDA:86,12,1,0
BRDA:93,13,0,0
BRDA:93,13,1,0
BRDA:121,14,0,0
BRDA:121,14,1,0
BRDA:132,15,0,0
BRDA:132,15,1,0
BRDA:133,16,0,0
BRDA:133,16,1,0
BRDA:150,17,0,0
BRDA:150,17,1,0
BRDA:173,18,0,0
BRDA:173,19,0,0
BRDA:176,20,0,0
BRDA:176,20,1,0
BRDA:177,21,0,0
BRDA:177,21,1,0
BRDA:220,22,0,0
BRDA:220,22,1,0
BRDA:277,23,0,0
BRDA:277,23,1,0
BRDA:305,24,0,0
BRDA:305,24,1,0
BRDA:313,25,0,0
BRDA:313,25,1,0
BRDA:313,26,0,0
BRDA:313,26,1,0
BRDA:324,27,0,0
BRDA:324,27,1,0
BRF:54
BRH:0
end_of_record
TN:
SF:Restaurant\RestaurantController\RestaurantLeaveController.js
FN:6,(anonymous_0)
FN:76,(anonymous_1)
FN:162,(anonymous_2)
FN:190,(anonymous_3)
FN:232,(anonymous_4)
FN:279,(anonymous_5)
FN:316,(anonymous_6)
FN:336,(anonymous_7)
FN:364,(anonymous_8)
FN:365,(anonymous_9)
FN:366,(anonymous_10)
FN:393,(anonymous_11)
FN:441,(anonymous_12)
FN:443,(anonymous_13)
FN:464,(anonymous_14)
FN:513,(anonymous_15)
FN:550,(anonymous_16)
FN:557,(anonymous_17)
FN:575,(anonymous_18)
FN:615,(anonymous_19)
FN:695,(anonymous_20)
FNF:21
FNH:0
FNDA:0,(anonymous_0)
FNDA:0,(anonymous_1)
FNDA:0,(anonymous_2)
FNDA:0,(anonymous_3)
FNDA:0,(anonymous_4)
FNDA:0,(anonymous_5)
FNDA:0,(anonymous_6)
FNDA:0,(anonymous_7)
FNDA:0,(anonymous_8)
FNDA:0,(anonymous_9)
FNDA:0,(anonymous_10)
FNDA:0,(anonymous_11)
FNDA:0,(anonymous_12)
FNDA:0,(anonymous_13)
FNDA:0,(anonymous_14)
FNDA:0,(anonymous_15)
FNDA:0,(anonymous_16)
FNDA:0,(anonymous_17)
FNDA:0,(anonymous_18)
FNDA:0,(anonymous_19)
FNDA:0,(anonymous_20)
DA:1,1
DA:2,1
DA:3,1
DA:6,1
DA:7,0
DA:8,0
DA:10,0
DA:11,0
DA:17,0
DA:18,0
DA:19,0
DA:25,0
DA:26,0
DA:27,0
DA:28,0
DA:31,0
DA:32,0
DA:33,0
DA:41,0
DA:42,0
DA:44,0
DA:58,0
DA:60,0
DA:66,0
DA:67,0
DA:76,1
DA:77,0
DA:87,0
DA:89,0
DA:92,0
DA:93,0
DA:97,0
DA:98,0
DA:102,0
DA:103,0
DA:107,0
DA:108,0
DA:109,0
DA:110,0
DA:111,0
DA:112,0
DA:113,0
DA:115,0
DA:116,0
DA:117,0
DA:118,0
DA:120,0
DA:121,0
DA:125,0
DA:126,0
DA:133,0
DA:135,0
DA:142,0
DA:144,0
DA:152,0
DA:153,0
DA:162,1
DA:163,0
DA:164,0
DA:168,0
DA:169,0
DA:175,0
DA:180,0
DA:181,0
DA:190,1
DA:191,0
DA:192,0
DA:193,0
DA:194,0
DA:196,0
DA:198,0
DA:199,0
DA:205,0
DA:206,0
DA:213,0
DA:215,0
DA:222,0
DA:223,0
DA:232,1
DA:233,0
DA:234,0
DA:235,0
DA:236,0
DA:238,0
DA:239,0
DA:245,0
DA:247,0
DA:248,0
DA:254,0
DA:255,0
DA:261,0
DA:263,0
DA:269,0
DA:270,0
DA:279,1
DA:280,0
DA:281,0
DA:283,0
DA:285,0
DA:286,0
DA:292,0
DA:293,0
DA:299,0
DA:301,0
DA:306,0
DA:307,0
DA:316,1
DA:317,0
DA:318,0
DA:320,0
DA:326,0
DA:327,0
DA:336,1
DA:337,0
DA:338,0
DA:339,0
DA:341,0
DA:343,0
DA:344,0
DA:345,0
DA:352,0
DA:359,0
DA:362,0
DA:364,0
DA:365,0
DA:366,0
DA:370,0
DA:383,0
DA:384,0
DA:393,1
DA:394,0
DA:395,0
DA:396,0
DA:398,0
DA:400,0
DA:401,0
DA:402,0
DA:408,0
DA:411,0
DA:418,0
DA:441,0
DA:443,0
DA:447,0
DA:454,0
DA:455,0
DA:464,1
DA:465,0
DA:466,0
DA:468,0
DA:469,0
DA:470,0
DA:471,0
DA:472,0
DA:474,0
DA:475,0
DA:479,0
DA:480,0
DA:481,0
DA:482,0
DA:485,0
DA:490,0
DA:503,0
DA:504,0
DA:513,1
DA:514,0
DA:515,0
DA:517,0
DA:518,0
DA:524,0
DA:525,0
DA:526,0
DA:527,0
DA:530,0
DA:536,0
DA:544,0
DA:545,0
DA:547,0
DA:550,0
DA:557,0
DA:565,0
DA:566,0
DA:575,1
DA:576,0
DA:577,0
DA:579,0
DA:580,0
DA:581,0
DA:582,0
DA:584,0
DA:591,0
DA:592,0
DA:600,0
DA:605,0
DA:606,0
DA:615,1
DA:616,0
DA:617,0
DA:618,0
DA:620,0
DA:622,0
DA:623,0
DA:630,0
DA:631,0
DA:637,0
DA:638,0
DA:639,0
DA:640,0
DA:643,0
DA:652,0
DA:653,0
DA:660,0
DA:661,0
DA:664,0
DA:671,0
DA:672,0
DA:673,0
DA:674,0
DA:675,0
DA:677,0
DA:679,0
DA:685,0
DA:686,0
DA:695,1
DA:696,0
DA:697,0
DA:699,0
DA:703,0
DA:708,0
DA:709,0
DA:717,1
LF:230
LH:18
BRDA:10,0,0,0
BRDA:10,0,1,0
BRDA:10,1,0,0
BRDA:10,1,1,0
BRDA:10,1,2,0
BRDA:10,1,3,0
BRDA:10,1,4,0
BRDA:18,2,0,0
BRDA:18,2,1,0
BRDA:32,3,0,0
BRDA:32,3,1,0
BRDA:46,4,0,0
BRDA:46,4,1,0
BRDA:53,5,0,0
BRDA:53,5,1,0
BRDA:54,6,0,0
BRDA:54,6,1,0
BRDA:79,7,0,0
BRDA:80,8,0,0
BRDA:92,9,0,0
BRDA:92,9,1,0
BRDA:92,10,0,0
BRDA:92,10,1,0
BRDA:97,11,0,0
BRDA:97,11,1,0
BRDA:97,12,0,0
BRDA:97,12,1,0
BRDA:102,13,0,0
BRDA:102,13,1,0
BRDA:102,14,0,0
BRDA:102,14,1,0
BRDA:107,15,0,0
BRDA:107,15,1,0
BRDA:107,16,0,0
BRDA:107,16,1,0
BRDA:110,17,0,0
BRDA:110,17,1,0
BRDA:115,18,0,0
BRDA:115,18,1,0
BRDA:125,19,0,0
BRDA:125,19,1,0
BRDA:168,20,0,0
BRDA:168,20,1,0
BRDA:194,21,0,0
BRDA:194,21,1,0
BRDA:198,22,0,0
BRDA:198,22,1,0
BRDA:205,23,0,0
BRDA:205,23,1,0
BRDA:236,24,0,0
BRDA:236,24,1,0
BRDA:238,25,0,0
BRDA:238,25,1,0
BRDA:247,26,0,0
BRDA:247,26,1,0
BRDA:254,27,0,0
BRDA:254,27,1,0
BRDA:285,28,0,0
BRDA:285,28,1,0
BRDA:292,29,0,0
BRDA:292,29,1,0
BRDA:341,30,0,0
BRDA:341,30,1,0
BRDA:344,31,0,0
BRDA:344,31,1,0
BRDA:375,32,0,0
BRDA:375,32,1,0
BRDA:398,33,0,0
BRDA:398,33,1,0
BRDA:401,34,0,0
BRDA:401,34,1,0
BRDA:469,35,0,0
BRDA:469,35,1,0
BRDA:469,36,0,0
BRDA:469,36,1,0
BRDA:471,37,0,0
BRDA:471,37,1,0
BRDA:474,38,0,0
BRDA:474,38,1,0
BRDA:517,39,0,0
BRDA:517,39,1,0
BRDA:517,40,0,0
BRDA:517,40,1,0
BRDA:517,40,2,0
BRDA:591,41,0,0
BRDA:591,41,1,0
BRDA:622,42,0,0
BRDA:622,42,1,0
BRDA:630,43,0,0
BRDA:630,43,1,0
BRDA:652,44,0,0
BRDA:652,44,1,0
BRDA:660,45,0,0
BRDA:660,45,1,0
BRF:94
BRH:0
end_of_record
TN:
SF:Restaurant\RestaurantController\RestaurantPaymentController.js
FN:6,(anonymous_0)
FN:104,(anonymous_1)
FN:144,(anonymous_2)
FN:175,(anonymous_3)
FN:197,(anonymous_4)
FN:220,(anonymous_5)
FN:258,(anonymous_6)
FN:278,(anonymous_7)
FN:285,(anonymous_8)
FN:318,(anonymous_9)
FNF:10
FNH:0
FNDA:0,(anonymous_0)
FNDA:0,(anonymous_1)
FNDA:0,(anonymous_2)
FNDA:0,(anonymous_3)
FNDA:0,(anonymous_4)
FNDA:0,(anonymous_5)
FNDA:0,(anonymous_6)
FNDA:0,(anonymous_7)
FNDA:0,(anonymous_8)
FNDA:0,(anonymous_9)
DA:1,1
DA:2,1
DA:3,1
DA:6,1
DA:7,0
DA:8,0
DA:11,0
DA:12,0
DA:13,0
DA:20,0
DA:21,0
DA:27,0
DA:28,0
DA:35,0
DA:38,0
DA:41,0
DA:56,0
DA:59,0
DA:60,0
DA:61,0
DA:62,0
DA:65,0
DA:66,0
DA:67,0
DA:68,0
DA:69,0
DA:70,0
DA:72,0
DA:75,0
DA:94,0
DA:95,0
DA:104,1
DA:105,0
DA:106,0
DA:108,0
DA:109,0
DA:110,0
DA:111,0
DA:113,0
DA:121,0
DA:123,0
DA:134,0
DA:135,0
DA:144,1
DA:145,0
DA:146,0
DA:148,0
DA:153,0
DA:154,0
DA:160,0
DA:165,0
DA:166,0
DA:175,1
DA:176,0
DA:177,0
DA:179,0
DA:182,0
DA:187,0
DA:188,0
DA:197,1
DA:198,0
DA:199,0
DA:201,0
DA:205,0
DA:210,0
DA:211,0
DA:220,1
DA:221,0
DA:222,0
DA:223,0
DA:226,0
DA:227,0
DA:229,0
DA:235,0
DA:236,0
DA:242,0
DA:248,0
DA:249,0
DA:258,1
DA:259,0
DA:260,0
DA:262,0
DA:263,0
DA:264,0
DA:271,0
DA:272,0
DA:275,0
DA:276,0
DA:277,0
DA:278,0
DA:279,0
DA:282,0
DA:283,0
DA:284,0
DA:285,0
DA:286,0
DA:290,0
DA:292,0
DA:308,0
DA:309,0
DA:318,1
DA:319,0
DA:320,0
DA:331,0
DA:341,0
DA:351,0
DA:360,0
DA:361,0
DA:369,1
LF:109
LH:12
BRDA:12,0,0,0
BRDA:12,0,1,0
BRDA:20,1,0,0
BRDA:20,1,1,0
BRDA:27,2,0,0
BRDA:27,2,1,0
BRDA:35,3,0,0
BRDA:35,3,1,0
BRDA:59,4,0,0
BRDA:59,4,1,0
BRDA:66,5,0,0
BRDA:66,5,1,0
BRDA:67,6,0,0
BRDA:67,6,1,0
BRDA:69,7,0,0
BRDA:69,7,1,0
BRDA:85,8,0,0
BRDA:85,8,1,0
BRDA:106,9,0,0
BRDA:106,10,0,0
BRDA:109,11,0,0
BRDA:109,11,1,0
BRDA:110,12,0,0
BRDA:110,12,1,0
BRDA:111,13,0,0
BRDA:111,13,1,0
BRDA:153,14,0,0
BRDA:153,14,1,0
BRDA:235,15,0,0
BRDA:235,15,1,0
BRDA:263,16,0,0
BRDA:263,16,1,0
BRDA:275,17,0,0
BRDA:275,17,1,0
BRDA:276,18,0,0
BRDA:276,18,1,0
BRDA:282,19,0,0
BRDA:282,19,1,0
BRDA:283,20,0,0
BRDA:283,20,1,0
BRDA:296,21,0,0
BRDA:296,21,1,0
BRDA:301,22,0,0
BRDA:301,22,1,0
BRDA:354,23,0,0
BRDA:354,23,1,0
BRF:46
BRH:0
end_of_record
TN:
SF:Restaurant\RestaurantController\RestaurantProfileController.js
FN:6,(anonymous_0)
FN:16,(anonymous_1)
FN:68,(anonymous_2)
FN:108,(anonymous_3)
FN:127,(anonymous_4)
FN:129,(anonymous_5)
FN:147,(anonymous_6)
FN:148,(anonymous_7)
FN:174,(anonymous_8)
FN:200,(anonymous_9)
FN:336,(anonymous_10)
FN:355,(anonymous_11)
FN:434,(anonymous_12)
FN:498,(anonymous_13)
FNF:14
FNH:0
FNDA:0,(anonymous_0)
FNDA:0,(anonymous_1)
FNDA:0,(anonymous_2)
FNDA:0,(anonymous_3)
FNDA:0,(anonymous_4)
FNDA:0,(anonymous_5)
FNDA:0,(anonymous_6)
FNDA:0,(anonymous_7)
FNDA:0,(anonymous_8)
FNDA:0,(anonymous_9)
FNDA:0,(anonymous_10)
FNDA:0,(anonymous_11)
FNDA:0,(anonymous_12)
FNDA:0,(anonymous_13)
DA:1,1
DA:2,1
DA:3,1
DA:6,1
DA:8,0
DA:15,0
DA:16,0
DA:18,0
DA:20,0
DA:21,0
DA:23,0
DA:25,0
DA:33,0
DA:41,0
DA:43,0
DA:44,0
DA:47,0
DA:68,1
DA:69,0
DA:70,0
DA:72,0
DA:73,0
DA:74,0
DA:77,0
DA:78,0
DA:79,0
DA:82,0
DA:83,0
DA:92,0
DA:93,0
DA:96,0
DA:97,0
DA:102,0
DA:104,0
DA:106,0
DA:107,0
DA:108,0
DA:111,0
DA:112,0
DA:116,0
DA:117,0
DA:121,0
DA:122,0
DA:123,0
DA:126,0
DA:127,0
DA:129,0
DA:130,0
DA:131,0
DA:136,0
DA:137,0
DA:139,0
DA:143,0
DA:144,0
DA:145,0
DA:146,0
DA:147,0
DA:148,0
DA:149,0
DA:151,0
DA:161,0
DA:162,0
DA:164,0
DA:165,0
DA:174,1
DA:175,0
DA:176,0
DA:178,0
DA:179,0
DA:185,0
DA:190,0
DA:191,0
DA:200,1
DA:201,0
DA:209,0
DA:212,0
DA:213,0
DA:215,0
DA:216,0
DA:218,0
DA:219,0
DA:222,0
DA:223,0
DA:226,0
DA:227,0
DA:238,0
DA:239,0
DA:245,0
DA:246,0
DA:259,0
DA:260,0
DA:266,0
DA:267,0
DA:277,0
DA:287,0
DA:288,0
DA:292,0
DA:293,0
DA:294,0
DA:297,0
DA:298,0
DA:301,0
DA:302,0
DA:309,0
DA:319,0
DA:320,0
DA:321,0
DA:323,0
DA:327,0
DA:333,0
DA:334,0
DA:335,0
DA:336,0
DA:337,0
DA:339,0
DA:346,0
DA:355,1
DA:356,0
DA:357,0
DA:358,0
DA:361,0
DA:362,0
DA:363,0
DA:368,0
DA:369,0
DA:370,0
DA:375,0
DA:376,0
DA:377,0
DA:384,0
DA:385,0
DA:389,0
DA:391,0
DA:392,0
DA:395,0
DA:404,0
DA:405,0
DA:411,0
DA:417,0
DA:418,0
DA:419,0
DA:425,0
DA:434,1
DA:435,0
DA:437,0
DA:438,0
DA:445,0
DA:446,0
DA:453,0
DA:455,0
DA:456,0
DA:463,0
DA:465,0
DA:470,0
DA:473,0
DA:474,0
DA:481,0
DA:482,0
DA:489,0
DA:498,1
DA:499,0
DA:500,0
DA:502,0
DA:503,0
DA:505,0
DA:525,0
DA:527,0
DA:535,0
DA:536,0
DA:544,1
LF:170
LH:11
BRDA:15,0,0,0
BRDA:15,0,1,0
BRDA:18,1,0,0
BRDA:18,1,1,0
BRDA:21,2,0,0
BRDA:21,2,1,0
BRDA:23,3,0,0
BRDA:23,3,1,0
BRDA:27,4,0,0
BRDA:27,4,1,0
BRDA:28,5,0,0
BRDA:28,5,1,0
BRDA:29,6,0,0
BRDA:29,6,1,0
BRDA:35,7,0,0
BRDA:35,7,1,0
BRDA:36,8,0,0
BRDA:36,8,1,0
BRDA:43,9,0,0
BRDA:43,9,1,0
BRDA:51,10,0,0
BRDA:51,10,1,0
BRDA:53,11,0,0
BRDA:53,11,1,0
BRDA:57,12,0,0
BRDA:57,12,1,0
BRDA:70,13,0,0
BRDA:78,14,0,0
BRDA:78,14,1,0
BRDA:79,15,0,0
BRDA:79,15,1,0
BRDA:82,16,0,0
BRDA:82,16,1,0
BRDA:96,17,0,0
BRDA:96,17,1,0
BRDA:96,17,2,0
BRDA:96,17,3,0
BRDA:102,18,0,0
BRDA:102,18,1,0
BRDA:108,19,0,0
BRDA:108,19,1,0
BRDA:111,20,0,0
BRDA:111,20,1,0
BRDA:130,21,0,0
BRDA:130,21,1,0
BRDA:136,22,0,0
BRDA:136,22,1,0
BRDA:137,23,0,0
BRDA:137,23,1,0
BRDA:147,24,0,0
BRDA:147,24,1,0
BRDA:147,24,2,0
BRDA:154,25,0,0
BRDA:154,25,1,0
BRDA:156,26,0,0
BRDA:156,26,1,0
BRDA:178,27,0,0
BRDA:178,27,1,0
BRDA:212,28,0,0
BRDA:212,28,1,0
BRDA:215,29,0,0
BRDA:215,29,1,0
BRDA:218,30,0,0
BRDA:218,30,1,0
BRDA:226,31,0,0
BRDA:226,31,1,0
BRDA:226,32,0,0
BRDA:226,32,1,0
BRDA:238,33,0,0
BRDA:238,33,1,0
BRDA:238,34,0,0
BRDA:238,34,1,0
BRDA:245,35,0,0
BRDA:245,35,1,0
BRDA:245,36,0,0
BRDA:245,36,1,0
BRDA:245,36,2,0
BRDA:245,36,3,0
BRDA:259,37,0,0
BRDA:259,37,1,0
BRDA:259,38,0,0
BRDA:259,38,1,0
BRDA:266,39,0,0
BRDA:266,39,1,0
BRDA:266,40,0,0
BRDA:266,40,1,0
BRDA:279,41,0,0
BRDA:279,41,1,0
BRDA:287,42,0,0
BRDA:287,42,1,0
BRDA:292,43,0,0
BRDA:292,43,1,0
BRDA:334,44,0,0
BRDA:334,44,1,0
BRDA:361,45,0,0
BRDA:361,45,1,0
BRDA:368,46,0,0
BRDA:368,46,1,0
BRDA:375,47,0,0
BRDA:375,47,1,0
BRDA:384,48,0,0
BRDA:384,48,1,0
BRDA:384,49,0,0
BRDA:384,49,1,0
BRDA:389,50,0,0
BRDA:389,50,1,0
BRDA:404,51,0,0
BRDA:404,51,1,0
BRDA:418,52,0,0
BRDA:418,52,1,0
BRDA:437,53,0,0
BRDA:437,53,1,0
BRDA:445,54,0,0
BRDA:445,54,1,0
BRDA:455,55,0,0
BRDA:455,55,1,0
BRDA:473,56,0,0
BRDA:473,56,1,0
BRDA:481,57,0,0
BRDA:481,57,1,0
BRDA:503,58,0,0
BRDA:503,58,1,0
BRF:122
BRH:0
end_of_record
TN:
SF:Restaurant\RestaurantController\RestaurantPurchaseController.js
FN:294,(anonymous_0)
FN:312,(anonymous_1)
FN:331,(anonymous_2)
FN:380,(anonymous_3)
FN:432,(anonymous_4)
FN:508,(anonymous_5)
FN:553,(anonymous_6)
FN:639,(anonymous_7)
FN:659,(anonymous_8)
FN:690,(anonymous_9)
FN:778,(anonymous_10)
FN:816,(anonymous_11)
FN:829,(anonymous_12)
FN:905,(anonymous_13)
FN:927,(anonymous_14)
FN:951,(anonymous_15)
FN:993,(anonymous_16)
FN:1035,(anonymous_17)
FN:1094,(anonymous_18)
FNF:19
FNH:0
FNDA:0,(anonymous_0)
FNDA:0,(anonymous_1)
FNDA:0,(anonymous_2)
FNDA:0,(anonymous_3)
FNDA:0,(anonymous_4)
FNDA:0,(anonymous_5)
FNDA:0,(anonymous_6)
FNDA:0,(anonymous_7)
FNDA:0,(anonymous_8)
FNDA:0,(anonymous_9)
FNDA:0,(anonymous_10)
FNDA:0,(anonymous_11)
FNDA:0,(anonymous_12)
FNDA:0,(anonymous_13)
FNDA:0,(anonymous_14)
FNDA:0,(anonymous_15)
FNDA:0,(anonymous_16)
FNDA:0,(anonymous_17)
FNDA:0,(anonymous_18)
DA:278,1
DA:279,1
DA:280,1
DA:281,1
DA:282,1
DA:285,1
DA:287,1
DA:294,1
DA:295,0
DA:296,0
DA:308,0
DA:309,0
DA:310,0
DA:312,0
DA:313,0
DA:314,0
DA:320,0
DA:321,0
DA:331,0
DA:332,0
DA:335,0
DA:336,0
DA:339,0
DA:340,0
DA:341,0
DA:348,0
DA:351,0
DA:352,0
DA:354,0
DA:356,0
DA:357,0
DA:359,0
DA:365,0
DA:370,0
DA:371,0
DA:376,0
DA:378,0
DA:380,0
DA:381,0
DA:383,0
DA:384,0
DA:389,0
DA:392,0
DA:398,0
DA:400,0
DA:401,0
DA:407,0
DA:408,0
DA:410,0
DA:412,0
DA:413,0
DA:416,0
DA:419,0
DA:424,0
DA:432,1
DA:433,0
DA:434,0
DA:444,0
DA:449,0
DA:452,0
DA:453,0
DA:454,0
DA:455,0
DA:456,0
DA:457,0
DA:464,0
DA:470,0
DA:471,0
DA:473,0
DA:474,0
DA:475,0
DA:476,0
DA:483,0
DA:484,0
DA:486,0
DA:487,0
DA:488,0
DA:489,0
DA:490,0
DA:492,0
DA:496,0
DA:501,0
DA:502,0
DA:507,0
DA:508,0
DA:509,0
DA:511,0
DA:512,0
DA:517,0
DA:522,0
DA:528,0
DA:529,0
DA:530,0
DA:535,0
DA:536,0
DA:540,0
DA:545,0
DA:553,1
DA:554,0
DA:555,0
DA:556,0
DA:559,0
DA:560,0
DA:567,0
DA:568,0
DA:575,0
DA:576,0
DA:583,0
DA:584,0
DA:587,0
DA:588,0
DA:590,0
DA:594,0
DA:595,0
DA:596,0
DA:598,0
DA:602,0
DA:603,0
DA:607,0
DA:618,0
DA:620,0
DA:621,0
DA:622,0
DA:625,0
DA:626,0
DA:628,0
DA:631,0
DA:638,0
DA:639,0
DA:649,0
DA:651,0
DA:658,0
DA:659,0
DA:660,0
DA:661,0
DA:663,0
DA:664,0
DA:665,0
DA:669,0
DA:671,0
DA:672,0
DA:673,0
DA:681,0
DA:689,0
DA:690,0
DA:691,0
DA:692,0
DA:696,0
DA:697,0
DA:703,0
DA:704,0
DA:706,0
DA:707,0
DA:710,0
DA:720,0
DA:730,0
DA:739,0
DA:740,0
DA:741,0
DA:746,0
DA:747,0
DA:749,0
DA:751,0
DA:752,0
DA:756,0
DA:764,0
DA:769,0
DA:770,0
DA:778,1
DA:779,0
DA:780,0
DA:783,0
DA:784,0
DA:791,0
DA:792,0
DA:795,0
DA:796,0
DA:798,0
DA:802,0
DA:803,0
DA:804,0
DA:806,0
DA:810,0
DA:811,0
DA:815,0
DA:816,0
DA:826,0
DA:829,0
DA:830,0
DA:831,0
DA:833,0
DA:834,0
DA:835,0
DA:838,0
DA:839,0
DA:843,0
DA:844,0
DA:851,0
DA:868,0
DA:874,0
DA:875,0
DA:876,0
DA:881,0
DA:882,0
DA:884,0
DA:886,0
DA:887,0
DA:891,0
DA:896,0
DA:897,0
DA:905,1
DA:906,0
DA:907,0
DA:909,0
DA:914,0
DA:919,0
DA:927,1
DA:928,0
DA:929,0
DA:937,0
DA:943,0
DA:951,1
DA:952,0
DA:953,0
DA:954,0
DA:956,0
DA:957,0
DA:963,0
DA:972,0
DA:973,0
DA:979,0
DA:985,0
DA:993,1
DA:994,0
DA:995,0
DA:996,0
DA:998,0
DA:999,0
DA:1005,0
DA:1014,0
DA:1015,0
DA:1021,0
DA:1027,0
DA:1035,1
DA:1036,0
DA:1048,0
DA:1066,0
DA:1086,0
DA:1094,1
DA:1095,0
DA:1096,0
DA:1098,0
DA:1101,0
DA:1107,0
LF:254
LH:17
BRDA:285,0,0,1
BRDA:285,0,1,0
BRDA:290,1,0,1
BRDA:290,1,1,0
BRDA:313,2,0,0
BRDA:313,2,1,0
BRDA:313,3,0,0
BRDA:313,3,1,0
BRDA:313,4,0,0
BRDA:313,4,1,0
BRDA:313,5,0,0
BRDA:313,5,1,0
BRDA:316,6,0,0
BRDA:316,6,1,0
BRDA:316,6,2,0
BRDA:317,7,0,0
BRDA:317,7,1,0
BRDA:317,8,0,0
BRDA:317,8,1,0
BRDA:317,9,0,0
BRDA:317,9,1,0
BRDA:317,10,0,0
BRDA:317,10,1,0
BRDA:317,11,0,0
BRDA:317,11,1,0
BRDA:320,12,0,0
BRDA:320,12,1,0
BRDA:323,13,0,0
BRDA:323,13,1,0
BRDA:323,13,2,0
BRDA:324,14,0,0
BRDA:324,14,1,0
BRDA:324,15,0,0
BRDA:324,15,1,0
BRDA:324,16,0,0
BRDA:324,16,1,0
BRDA:324,17,0,0
BRDA:324,17,1,0
BRDA:324,18,0,0
BRDA:324,18,1,0
BRDA:332,19,0,0
BRDA:332,19,1,0
BRDA:335,20,0,0
BRDA:335,20,1,0
BRDA:335,21,0,0
BRDA:335,21,1,0
BRDA:339,22,0,0
BRDA:339,22,1,0
BRDA:344,23,0,0
BRDA:344,23,1,0
BRDA:344,23,2,0
BRDA:348,24,0,0
BRDA:348,24,1,0
BRDA:356,25,0,0
BRDA:356,25,1,0
BRDA:357,26,0,0
BRDA:357,26,1,0
BRDA:359,27,0,0
BRDA:359,27,1,0
BRDA:359,28,0,0
BRDA:359,28,1,0
BRDA:359,28,2,0
BRDA:359,28,3,0
BRDA:359,28,4,0
BRDA:362,29,0,0
BRDA:362,29,1,0
BRDA:368,30,0,0
BRDA:368,30,1,0
BRDA:368,30,2,0
BRDA:376,31,0,0
BRDA:376,31,1,0
BRDA:378,32,0,0
BRDA:378,32,1,0
BRDA:378,33,0,0
BRDA:378,33,1,0
BRDA:381,34,0,0
BRDA:381,34,1,0
BRDA:383,35,0,0
BRDA:383,35,1,0
BRDA:386,36,0,0
BRDA:386,36,1,0
BRDA:386,36,2,0
BRDA:387,37,0,0
BRDA:387,37,1,0
BRDA:387,38,0,0
BRDA:387,38,1,0
BRDA:387,39,0,0
BRDA:387,39,1,0
BRDA:387,40,0,0
BRDA:387,40,1,0
BRDA:387,41,0,0
BRDA:387,41,1,0
BRDA:398,42,0,0
BRDA:398,42,1,0
BRDA:398,43,0,0
BRDA:398,43,1,0
BRDA:400,44,0,0
BRDA:400,44,1,0
BRDA:400,45,0,0
BRDA:400,45,1,0
BRDA:403,46,0,0
BRDA:403,46,1,0
BRDA:403,46,2,0
BRDA:407,47,0,0
BRDA:407,47,1,0
BRDA:407,48,0,0
BRDA:407,48,1,0
BRDA:410,49,0,0
BRDA:410,49,1,0
BRDA:410,50,0,0
BRDA:410,50,1,0
BRDA:412,51,0,0
BRDA:412,51,1,0
BRDA:412,52,0,0
BRDA:412,52,1,0
BRDA:444,53,0,0
BRDA:444,53,1,0
BRDA:449,54,0,0
BRDA:449,54,1,0
BRDA:452,55,0,0
BRDA:452,55,1,0
BRDA:452,56,0,0
BRDA:452,56,1,0
BRDA:456,57,0,0
BRDA:456,57,1,0
BRDA:459,58,0,0
BRDA:459,58,1,0
BRDA:459,58,2,0
BRDA:460,59,0,0
BRDA:460,59,1,0
BRDA:460,60,0,0
BRDA:460,60,1,0
BRDA:460,61,0,0
BRDA:460,61,1,0
BRDA:460,62,0,0
BRDA:460,62,1,0
BRDA:460,63,0,0
BRDA:460,63,1,0
BRDA:460,64,0,0
BRDA:460,64,1,0
BRDA:470,65,0,0
BRDA:470,65,1,0
BRDA:470,66,0,0
BRDA:470,66,1,0
BRDA:475,67,0,0
BRDA:475,67,1,0
BRDA:478,68,0,0
BRDA:478,68,1,0
BRDA:478,68,2,0
BRDA:479,69,0,0
BRDA:479,69,1,0
BRDA:479,70,0,0
BRDA:479,70,1,0
BRDA:479,71,0,0
BRDA:479,71,1,0
BRDA:479,72,0,0
BRDA:479,72,1,0
BRDA:479,73,0,0
BRDA:479,73,1,0
BRDA:479,74,0,0
BRDA:479,74,1,0
BRDA:484,75,0,0
BRDA:484,75,1,0
BRDA:488,76,0,0
BRDA:488,76,1,0
BRDA:488,77,0,0
BRDA:488,77,1,0
BRDA:488,78,0,0
BRDA:488,78,1,0
BRDA:489,79,0,0
BRDA:489,79,1,0
BRDA:490,80,0,0
BRDA:490,80,1,0
BRDA:492,81,0,0
BRDA:492,81,1,0
BRDA:492,82,0,0
BRDA:492,82,1,0
BRDA:492,82,2,0
BRDA:492,82,3,0
BRDA:498,83,0,0
BRDA:498,83,1,0
BRDA:498,83,2,0
BRDA:499,84,0,0
BRDA:499,84,1,0
BRDA:499,85,0,0
BRDA:499,85,1,0
BRDA:499,86,0,0
BRDA:499,86,1,0
BRDA:499,87,0,0
BRDA:499,87,1,0
BRDA:499,88,0,0
BRDA:499,88,1,0
BRDA:499,89,0,0
BRDA:499,89,1,0
BRDA:507,90,0,0
BRDA:507,90,1,0
BRDA:507,91,0,0
BRDA:507,91,1,0
BRDA:507,91,2,0
BRDA:509,92,0,0
BRDA:509,92,1,0
BRDA:511,93,0,0
BRDA:511,93,1,0
BRDA:514,94,0,0
BRDA:514,94,1,0
BRDA:514,94,2,0
BRDA:515,95,0,0
BRDA:515,95,1,0
BRDA:515,96,0,0
BRDA:515,96,1,0
BRDA:515,97,0,0
BRDA:515,97,1,0
BRDA:515,98,0,0
BRDA:515,98,1,0
BRDA:515,99,0,0
BRDA:515,99,1,0
BRDA:528,100,0,0
BRDA:528,100,1,0
BRDA:528,101,0,0
BRDA:528,101,1,0
BRDA:529,102,0,0
BRDA:529,102,1,0
BRDA:529,103,0,0
BRDA:529,103,1,0
BRDA:532,104,0,0
BRDA:532,104,1,0
BRDA:532,104,2,0
BRDA:535,105,0,0
BRDA:535,105,1,0
BRDA:535,106,0,0
BRDA:535,106,1,0
BRDA:559,107,0,0
BRDA:559,107,1,0
BRDA:559,108,0,0
BRDA:559,108,1,0
BRDA:559,108,2,0
BRDA:559,108,3,0
BRDA:567,109,0,0
BRDA:567,109,1,0
BRDA:567,110,0,0
BRDA:567,110,1,0
BRDA:575,111,0,0
BRDA:575,111,1,0
BRDA:575,112,0,0
BRDA:575,112,1,0
BRDA:583,113,0,0
BRDA:583,113,1,0
BRDA:587,114,0,0
BRDA:587,114,1,0
BRDA:587,115,0,0
BRDA:587,115,1,0
BRDA:594,116,0,0
BRDA:594,116,1,0
BRDA:594,117,0,0
BRDA:594,117,1,0
BRDA:596,118,0,0
BRDA:596,118,1,0
BRDA:596,119,0,0
BRDA:596,119,1,0
BRDA:602,120,0,0
BRDA:602,120,1,0
BRDA:602,121,0,0
BRDA:602,121,1,0
BRDA:618,122,0,0
BRDA:618,122,1,0
BRDA:618,123,0,0
BRDA:618,123,1,0
BRDA:621,124,0,0
BRDA:621,124,1,0
BRDA:621,125,0,0
BRDA:621,125,1,0
BRDA:625,126,0,0
BRDA:625,126,1,0
BRDA:625,127,0,0
BRDA:625,127,1,0
BRDA:628,128,0,0
BRDA:628,128,1,0
BRDA:628,129,0,0
BRDA:628,129,1,0
BRDA:633,130,0,0
BRDA:633,130,1,0
BRDA:638,131,0,0
BRDA:638,131,1,0
BRDA:641,132,0,0
BRDA:641,132,1,0
BRDA:649,133,0,0
BRDA:649,133,1,0
BRDA:658,134,0,0
BRDA:658,134,1,0
BRDA:658,135,0,0
BRDA:658,135,1,0
BRDA:658,135,2,0
BRDA:659,136,0,0
BRDA:659,136,1,0
BRDA:660,137,0,0
BRDA:660,137,1,0
BRDA:669,138,0,0
BRDA:669,138,1,0
BRDA:672,139,0,0
BRDA:672,139,1,0
BRDA:691,140,0,0
BRDA:691,140,1,0
BRDA:703,141,0,0
BRDA:703,141,1,0
BRDA:739,142,0,0
BRDA:739,142,1,0
BRDA:739,143,0,0
BRDA:739,143,1,0
BRDA:740,144,0,0
BRDA:740,144,1,0
BRDA:740,145,0,0
BRDA:740,145,1,0
BRDA:743,146,0,0
BRDA:743,146,1,0
BRDA:743,146,2,0
BRDA:746,147,0,0
BRDA:746,147,1,0
BRDA:746,148,0,0
BRDA:746,148,1,0
BRDA:749,149,0,0
BRDA:749,149,1,0
BRDA:749,150,0,0
BRDA:749,150,1,0
BRDA:751,151,0,0
BRDA:751,151,1,0
BRDA:783,152,0,0
BRDA:783,152,1,0
BRDA:783,153,0,0
BRDA:783,153,1,0
BRDA:783,153,2,0
BRDA:783,153,3,0
BRDA:791,154,0,0
BRDA:791,154,1,0
BRDA:795,155,0,0
BRDA:795,155,1,0
BRDA:795,156,0,0
BRDA:795,156,1,0
BRDA:802,157,0,0
BRDA:802,157,1,0
BRDA:802,158,0,0
BRDA:802,158,1,0
BRDA:804,159,0,0
BRDA:804,159,1,0
BRDA:804,160,0,0
BRDA:804,160,1,0
BRDA:810,161,0,0
BRDA:810,161,1,0
BRDA:810,162,0,0
BRDA:810,162,1,0
BRDA:815,163,0,0
BRDA:815,163,1,0
BRDA:818,164,0,0
BRDA:818,164,1,0
BRDA:826,165,0,0
BRDA:826,165,1,0
BRDA:829,166,0,0
BRDA:829,166,1,0
BRDA:830,167,0,0
BRDA:830,167,1,0
BRDA:838,168,0,0
BRDA:838,168,1,0
BRDA:843,169,0,0
BRDA:843,169,1,0
BRDA:868,170,0,0
BRDA:868,170,1,0
BRDA:874,171,0,0
BRDA:874,171,1,0
BRDA:874,172,0,0
BRDA:874,172,1,0
BRDA:875,173,0,0
BRDA:875,173,1,0
BRDA:875,174,0,0
BRDA:875,174,1,0
BRDA:878,175,0,0
BRDA:878,175,1,0
BRDA:878,175,2,0
BRDA:881,176,0,0
BRDA:881,176,1,0
BRDA:881,177,0,0
BRDA:881,177,1,0
BRDA:884,178,0,0
BRDA:884,178,1,0
BRDA:884,179,0,0
BRDA:884,179,1,0
BRDA:886,180,0,0
BRDA:886,180,1,0
BRDA:909,181,0,0
BRDA:909,181,1,0
BRDA:956,182,0,0
BRDA:956,182,1,0
BRDA:972,183,0,0
BRDA:972,183,1,0
BRDA:998,184,0,0
BRDA:998,184,1,0
BRDA:1014,185,0,0
BRDA:1014,185,1,0
BRDA:1081,186,0,0
BRDA:1081,186,1,0
BRDA:1082,187,0,0
BRDA:1082,187,1,0
BRF:400
BRH:2
end_of_record
TN:
SF:Restaurant\RestaurantController\RestaurantRawMaterialController.js
FN:319,(anonymous_0)
FN:349,(anonymous_1)
FN:376,(anonymous_2)
FN:389,(anonymous_3)
FN:448,(anonymous_4)
FN:503,(anonymous_5)
FN:516,(anonymous_6)
FN:530,(anonymous_7)
FN:542,(anonymous_8)
FN:575,(anonymous_9)
FNF:10
FNH:0
FNDA:0,(anonymous_0)
FNDA:0,(anonymous_1)
FNDA:0,(anonymous_2)
FNDA:0,(anonymous_3)
FNDA:0,(anonymous_4)
FNDA:0,(anonymous_5)
FNDA:0,(anonymous_6)
FNDA:0,(anonymous_7)
FNDA:0,(anonymous_8)
FNDA:0,(anonymous_9)
DA:316,1
DA:319,1
DA:320,0
DA:321,0
DA:323,0
DA:324,0
DA:325,0
DA:330,0
DA:331,0
DA:332,0
DA:334,0
DA:335,0
DA:337,0
DA:339,0
DA:340,0
DA:346,0
DA:347,0
DA:349,0
DA:357,0
DA:359,0
DA:370,0
DA:371,0
DA:376,1
DA:377,0
DA:378,0
DA:379,0
DA:381,0
DA:383,0
DA:384,0
DA:389,1
DA:390,0
DA:391,0
DA:392,0
DA:393,0
DA:395,0
DA:398,0
DA:399,0
DA:405,0
DA:407,0
DA:408,0
DA:409,0
DA:414,0
DA:416,0
DA:425,0
DA:434,0
DA:436,0
DA:442,0
DA:443,0
DA:448,1
DA:449,0
DA:450,0
DA:453,0
DA:454,0
DA:455,0
DA:459,0
DA:460,0
DA:464,0
DA:465,0
DA:470,0
DA:471,0
DA:472,0
DA:473,0
DA:474,0
DA:475,0
DA:476,0
DA:477,0
DA:478,0
DA:479,0
DA:481,0
DA:486,0
DA:489,0
DA:491,0
DA:497,0
DA:498,0
DA:503,1
DA:504,0
DA:505,0
DA:506,0
DA:508,0
DA:510,0
DA:511,0
DA:516,1
DA:517,0
DA:518,0
DA:522,0
DA:524,0
DA:525,0
DA:530,1
DA:531,0
DA:532,0
DA:534,0
DA:535,0
DA:538,0
DA:539,0
DA:541,0
DA:542,0
DA:544,0
DA:545,0
DA:548,0
DA:550,0
DA:551,0
DA:553,0
DA:554,0
DA:557,0
DA:558,0
DA:561,0
DA:563,0
DA:569,0
DA:570,0
DA:575,1
DA:576,0
DA:577,0
DA:578,0
DA:580,0
DA:582,0
DA:583,0
LF:116
LH:9
BRDA:321,0,0,0
BRDA:321,1,0,0
BRDA:321,2,0,0
BRDA:321,3,0,0
BRDA:324,4,0,0
BRDA:324,4,1,0
BRDA:330,5,0,0
BRDA:330,5,1,0
BRDA:330,6,0,0
BRDA:330,6,1,0
BRDA:331,7,0,0
BRDA:331,7,1,0
BRDA:331,8,0,0
BRDA:331,8,1,0
BRDA:332,9,0,0
BRDA:332,9,1,0
BRDA:332,10,0,0
BRDA:332,10,1,0
BRDA:335,11,0,0
BRDA:335,11,1,0
BRDA:347,12,0,0
BRDA:347,12,1,0
BRDA:353,13,0,0
BRDA:353,13,1,0
BRDA:379,14,0,0
BRDA:379,14,1,0
BRDA:395,15,0,0
BRDA:398,16,0,0
BRDA:398,16,1,0
BRDA:398,17,0,0
BRDA:398,17,1,0
BRDA:408,18,0,0
BRDA:408,18,1,0
BRDA:414,19,0,0
BRDA:414,19,1,0
BRDA:414,20,0,0
BRDA:414,20,1,0
BRDA:420,21,0,0
BRDA:420,21,1,0
BRDA:421,22,0,0
BRDA:421,22,1,0
BRDA:422,23,0,0
BRDA:422,23,1,0
BRDA:429,24,0,0
BRDA:429,24,1,0
BRDA:430,25,0,0
BRDA:430,25,1,0
BRDA:431,26,0,0
BRDA:431,26,1,0
BRDA:454,27,0,0
BRDA:454,27,1,0
BRDA:459,28,0,0
BRDA:459,28,1,0
BRDA:464,29,0,0
BRDA:464,29,1,0
BRDA:471,30,0,0
BRDA:471,30,1,0
BRDA:472,31,0,0
BRDA:472,31,1,0
BRDA:473,32,0,0
BRDA:473,32,1,0
BRDA:474,33,0,0
BRDA:474,33,1,0
BRDA:475,34,0,0
BRDA:475,34,1,0
BRDA:475,35,0,0
BRDA:475,35,1,0
BRDA:476,36,0,0
BRDA:476,36,1,0
BRDA:477,37,0,0
BRDA:477,37,1,0
BRDA:478,38,0,0
BRDA:478,38,1,0
BRDA:479,39,0,0
BRDA:479,39,1,0
BRDA:486,40,0,0
BRDA:486,40,1,0
BRDA:506,41,0,0
BRDA:506,41,1,0
BRDA:532,42,0,0
BRDA:534,43,0,0
BRDA:534,43,1,0
BRDA:534,44,0,0
BRDA:534,44,1,0
BRDA:534,44,2,0
BRDA:539,45,0,0
BRDA:539,45,1,0
BRDA:544,46,0,0
BRDA:544,46,1,0
BRDA:548,47,0,0
BRDA:548,47,1,0
BRDA:548,47,2,0
BRDA:548,47,3,0
BRF:93
BRH:0
end_of_record
TN:
SF:Restaurant\RestaurantController\RestaurantRecipeController.js
FN:9,(anonymous_0)
FN:19,(anonymous_1)
FN:44,(anonymous_2)
FN:68,(anonymous_3)
FN:88,(anonymous_4)
FN:122,(anonymous_5)
FN:142,(anonymous_6)
FN:160,(anonymous_7)
FN:195,(anonymous_8)
FNF:9
FNH:0
FNDA:0,(anonymous_0)
FNDA:0,(anonymous_1)
FNDA:0,(anonymous_2)
FNDA:0,(anonymous_3)
FNDA:0,(anonymous_4)
FNDA:0,(anonymous_5)
FNDA:0,(anonymous_6)
FNDA:0,(anonymous_7)
FNDA:0,(anonymous_8)
DA:3,1
DA:4,1
DA:5,1
DA:6,1
DA:9,1
DA:10,0
DA:11,0
DA:12,0
DA:13,0
DA:19,1
DA:20,0
DA:21,0
DA:22,0
DA:24,0
DA:25,0
DA:31,0
DA:32,0
DA:35,0
DA:36,0
DA:38,0
DA:39,0
DA:44,1
DA:45,0
DA:46,0
DA:47,0
DA:48,0
DA:51,0
DA:56,0
DA:57,0
DA:60,0
DA:62,0
DA:63,0
DA:68,1
DA:69,0
DA:70,0
DA:71,0
DA:73,0
DA:74,0
DA:76,0
DA:82,0
DA:83,0
DA:88,1
DA:89,0
DA:90,0
DA:91,0
DA:93,0
DA:94,0
DA:97,0
DA:98,0
DA:101,0
DA:106,0
DA:107,0
DA:110,0
DA:116,0
DA:117,0
DA:122,1
DA:123,0
DA:124,0
DA:125,0
DA:126,0
DA:129,0
DA:130,0
DA:131,0
DA:134,0
DA:136,0
DA:137,0
DA:142,1
DA:143,0
DA:144,0
DA:146,0
DA:147,0
DA:150,0
DA:155,0
DA:156,0
DA:159,0
DA:161,0
DA:163,0
DA:165,0
DA:170,0
DA:181,0
DA:189,0
DA:190,0
DA:195,1
DA:196,0
DA:197,0
DA:198,0
DA:200,0
DA:201,0
LF:88
LH:12
BRDA:12,0,0,0
BRDA:12,0,1,0
BRDA:24,1,0,0
BRDA:24,1,1,0
BRDA:31,2,0,0
BRDA:31,2,1,0
BRDA:31,3,0,0
BRDA:31,3,1,0
BRDA:47,4,0,0
BRDA:47,4,1,0
BRDA:56,5,0,0
BRDA:56,5,1,0
BRDA:93,6,0,0
BRDA:93,6,1,0
BRDA:97,7,0,0
BRDA:97,7,1,0
BRDA:106,8,0,0
BRDA:106,8,1,0
BRDA:125,9,0,0
BRDA:125,9,1,0
BRDA:130,10,0,0
BRDA:130,10,1,0
BRDA:146,11,0,0
BRDA:146,11,1,0
BRDA:146,12,0,0
BRDA:146,12,1,0
BRDA:155,13,0,0
BRDA:155,13,1,0
BRDA:163,14,0,0
BRDA:163,14,1,0
BRDA:174,15,0,0
BRDA:174,15,1,0
BRDA:175,16,0,0
BRDA:175,16,1,0
BRDA:176,17,0,0
BRDA:176,17,1,0
BRF:36
BRH:0
end_of_record
TN:
SF:Restaurant\RestaurantController\RestaurantResSupplierController.js
FN:197,(anonymous_0)
FN:357,(anonymous_1)
FN:374,(anonymous_2)
FN:391,(anonymous_3)
FN:392,(anonymous_4)
FN:420,(anonymous_5)
FN:443,(anonymous_6)
FN:598,(anonymous_7)
FNF:8
FNH:0
FNDA:0,(anonymous_0)
FNDA:0,(anonymous_1)
FNDA:0,(anonymous_2)
FNDA:0,(anonymous_3)
FNDA:0,(anonymous_4)
FNDA:0,(anonymous_5)
FNDA:0,(anonymous_6)
FNDA:0,(anonymous_7)
DA:194,1
DA:197,1
DA:198,0
DA:199,0
DA:200,0
DA:201,0
DA:213,0
DA:216,0
DA:217,0
DA:218,0
DA:219,0
DA:220,0
DA:221,0
DA:222,0
DA:223,0
DA:226,0
DA:235,0
DA:250,0
DA:251,0
DA:252,0
DA:258,0
DA:259,0
DA:260,0
DA:270,0
DA:271,0
DA:281,0
DA:282,0
DA:283,0
DA:290,0
DA:291,0
DA:292,0
DA:299,0
DA:302,0
DA:303,0
DA:310,0
DA:321,0
DA:322,0
DA:327,0
DA:328,0
DA:332,0
DA:333,0
DA:335,0
DA:336,0
DA:338,0
DA:343,0
DA:346,0
DA:347,0
DA:348,0
DA:349,0
DA:356,0
DA:357,0
DA:358,0
DA:364,0
DA:372,1
DA:374,1
DA:375,0
DA:376,0
DA:379,0
DA:380,0
DA:381,0
DA:384,0
DA:386,0
DA:391,0
DA:392,0
DA:393,0
DA:406,0
DA:411,0
DA:412,0
DA:420,1
DA:421,0
DA:422,0
DA:423,0
DA:424,0
DA:426,0
DA:431,0
DA:432,0
DA:433,0
DA:435,0
DA:443,1
DA:444,0
DA:455,0
DA:457,0
DA:460,0
DA:469,0
DA:475,0
DA:476,0
DA:477,0
DA:483,0
DA:484,0
DA:485,0
DA:491,0
DA:492,0
DA:498,0
DA:502,0
DA:503,0
DA:510,0
DA:514,0
DA:515,0
DA:522,0
DA:526,0
DA:527,0
DA:533,0
DA:544,0
DA:545,0
DA:547,0
DA:551,0
DA:552,0
DA:554,0
DA:557,0
DA:566,0
DA:567,0
DA:570,0
DA:575,0
DA:577,0
DA:578,0
DA:579,0
DA:580,0
DA:586,0
DA:587,0
DA:590,0
DA:598,1
DA:599,0
DA:600,0
DA:601,0
DA:602,0
DA:604,0
DA:609,0
DA:610,0
DA:611,0
DA:613,0
DA:620,1
LF:131
LH:8
BRDA:216,0,0,0
BRDA:216,0,1,0
BRDA:217,1,0,0
BRDA:217,1,1,0
BRDA:218,2,0,0
BRDA:218,2,1,0
BRDA:219,3,0,0
BRDA:219,3,1,0
BRDA:220,4,0,0
BRDA:220,4,1,0
BRDA:221,5,0,0
BRDA:221,5,1,0
BRDA:222,6,0,0
BRDA:222,6,1,0
BRDA:223,7,0,0
BRDA:223,7,1,0
BRDA:226,8,0,0
BRDA:226,8,1,0
BRDA:227,9,0,0
BRDA:227,9,1,0
BRDA:227,9,2,0
BRDA:227,9,3,0
BRDA:227,9,4,0
BRDA:227,9,5,0
BRDA:227,9,6,0
BRDA:251,10,0,0
BRDA:251,10,1,0
BRDA:259,11,0,0
BRDA:259,11,1,0
BRDA:270,12,0,0
BRDA:270,12,1,0
BRDA:270,13,0,0
BRDA:270,13,1,0
BRDA:282,14,0,0
BRDA:282,14,1,0
BRDA:291,15,0,0
BRDA:291,15,1,0
BRDA:302,16,0,0
BRDA:302,16,1,0
BRDA:321,17,0,0
BRDA:321,17,1,0
BRDA:321,18,0,0
BRDA:321,18,1,0
BRDA:327,19,0,0
BRDA:327,19,1,0
BRDA:327,20,0,0
BRDA:327,20,1,0
BRDA:346,21,0,0
BRDA:346,21,1,0
BRDA:356,22,0,0
BRDA:356,22,1,0
BRDA:384,23,0,0
BRDA:384,23,1,0
BRDA:395,24,0,0
BRDA:395,24,1,0
BRDA:423,25,0,0
BRDA:423,25,1,0
BRDA:432,26,0,0
BRDA:432,26,1,0
BRDA:460,27,0,0
BRDA:460,27,1,0
BRDA:461,28,0,0
BRDA:461,28,1,0
BRDA:461,28,2,0
BRDA:461,28,3,0
BRDA:461,28,4,0
BRDA:461,28,5,0
BRDA:461,28,6,0
BRDA:476,29,0,0
BRDA:476,29,1,0
BRDA:484,30,0,0
BRDA:484,30,1,0
BRDA:491,31,0,0
BRDA:491,31,1,0
BRDA:491,32,0,0
BRDA:491,32,1,0
BRDA:502,33,0,0
BRDA:502,33,1,0
BRDA:514,34,0,0
BRDA:514,34,1,0
BRDA:526,35,0,0
BRDA:526,35,1,0
BRDA:544,36,0,0
BRDA:544,36,1,0
BRDA:544,37,0,0
BRDA:544,37,1,0
BRDA:551,38,0,0
BRDA:551,38,1,0
BRDA:551,39,0,0
BRDA:551,39,1,0
BRDA:566,40,0,0
BRDA:566,40,1,0
BRDA:577,41,0,0
BRDA:577,41,1,0
BRDA:586,42,0,0
BRDA:586,42,1,0
BRDA:601,43,0,0
BRDA:601,43,1,0
BRDA:610,44,0,0
BRDA:610,44,1,0
BRF:100
BRH:0
end_of_record
TN:
SF:Restaurant\RestaurantController\RestaurantSalaryController.js
FN:12,(anonymous_0)
FN:46,(anonymous_1)
FN:90,(anonymous_2)
FN:143,(anonymous_3)
FN:197,(anonymous_4)
FN:226,(anonymous_5)
FN:264,(anonymous_6)
FN:291,(anonymous_7)
FN:313,(anonymous_8)
FN:349,(anonymous_9)
FN:376,(anonymous_10)
FN:384,(anonymous_11)
FN:405,(anonymous_12)
FN:475,(anonymous_13)
FN:556,(anonymous_14)
FN:589,(anonymous_15)
FN:646,(anonymous_16)
FN:649,(anonymous_17)
FN:653,(anonymous_18)
FN:657,(anonymous_19)
FN:661,(anonymous_20)
FN:665,(anonymous_21)
FN:669,(anonymous_22)
FN:685,(anonymous_23)
FN:689,(anonymous_24)
FN:698,(anonymous_25)
FN:883,(anonymous_26)
FN:1098,(anonymous_27)
FN:1119,(anonymous_28)
FN:1137,(anonymous_29)
FNF:30
FNH:0
FNDA:0,(anonymous_0)
FNDA:0,(anonymous_1)
FNDA:0,(anonymous_2)
FNDA:0,(anonymous_3)
FNDA:0,(anonymous_4)
FNDA:0,(anonymous_5)
FNDA:0,(anonymous_6)
FNDA:0,(anonymous_7)
FNDA:0,(anonymous_8)
FNDA:0,(anonymous_9)
FNDA:0,(anonymous_10)
FNDA:0,(anonymous_11)
FNDA:0,(anonymous_12)
FNDA:0,(anonymous_13)
FNDA:0,(anonymous_14)
FNDA:0,(anonymous_15)
FNDA:0,(anonymous_16)
FNDA:0,(anonymous_17)
FNDA:0,(anonymous_18)
FNDA:0,(anonymous_19)
FNDA:0,(anonymous_20)
FNDA:0,(anonymous_21)
FNDA:0,(anonymous_22)
FNDA:0,(anonymous_23)
FNDA:0,(anonymous_24)
FNDA:0,(anonymous_25)
FNDA:0,(anonymous_26)
FNDA:0,(anonymous_27)
FNDA:0,(anonymous_28)
FNDA:0,(anonymous_29)
DA:1,1
DA:2,1
DA:3,1
DA:4,1
DA:5,1
DA:6,1
DA:7,1
DA:12,1
DA:13,0
DA:14,0
DA:16,0
DA:17,0
DA:23,0
DA:24,0
DA:30,0
DA:36,0
DA:37,0
DA:46,1
DA:47,0
DA:48,0
DA:50,0
DA:51,0
DA:57,0
DA:58,0
DA:60,0
DA:61,0
DA:62,0
DA:63,0
DA:68,0
DA:70,0
DA:74,0
DA:80,0
DA:81,0
DA:90,1
DA:91,0
DA:92,0
DA:94,0
DA:95,0
DA:101,0
DA:102,0
DA:104,0
DA:105,0
DA:106,0
DA:108,0
DA:114,0
DA:115,0
DA:120,0
DA:123,0
DA:127,0
DA:133,0
DA:134,0
DA:143,1
DA:144,0
DA:153,0
DA:155,0
DA:157,0
DA:158,0
DA:159,0
DA:160,0
DA:162,0
DA:163,0
DA:169,0
DA:171,0
DA:177,0
DA:179,0
DA:187,0
DA:188,0
DA:197,1
DA:198,0
DA:199,0
DA:204,0
DA:205,0
DA:211,0
DA:216,0
DA:217,0
DA:226,1
DA:227,0
DA:228,0
DA:233,0
DA:234,0
DA:241,0
DA:242,0
DA:243,0
DA:244,0
DA:245,0
DA:249,0
DA:254,0
DA:255,0
DA:264,1
DA:265,0
DA:266,0
DA:271,0
DA:272,0
DA:278,0
DA:279,0
DA:281,0
DA:282,0
DA:291,1
DA:292,0
DA:293,0
DA:294,0
DA:296,0
DA:301,0
DA:303,0
DA:312,0
DA:313,0
DA:314,0
DA:317,0
DA:327,0
DA:329,0
DA:339,0
DA:340,0
DA:349,1
DA:350,0
DA:352,0
DA:362,0
DA:363,0
DA:376,1
DA:377,0
DA:378,0
DA:381,0
DA:382,0
DA:383,0
DA:384,0
DA:385,0
DA:389,0
DA:395,0
DA:396,0
DA:405,1
DA:406,0
DA:407,0
DA:408,0
DA:410,0
DA:412,0
DA:413,0
DA:420,0
DA:421,0
DA:428,0
DA:429,0
DA:431,0
DA:438,0
DA:446,0
DA:447,0
DA:448,0
DA:451,0
DA:454,0
DA:456,0
DA:458,0
DA:466,0
DA:472,0
DA:473,0
DA:475,0
DA:476,0
DA:477,0
DA:478,0
DA:480,0
DA:482,0
DA:483,0
DA:484,0
DA:490,0
DA:491,0
DA:492,0
DA:493,0
DA:494,0
DA:495,0
DA:496,0
DA:498,0
DA:507,0
DA:508,0
DA:509,0
DA:510,0
DA:515,0
DA:516,0
DA:518,0
DA:525,0
DA:527,0
DA:534,0
DA:541,0
DA:546,0
DA:547,0
DA:556,1
DA:557,0
DA:558,0
DA:560,0
DA:562,0
DA:563,0
DA:569,0
DA:570,0
DA:571,0
DA:573,0
DA:579,0
DA:580,0
DA:589,1
DA:590,0
DA:591,0
DA:593,0
DA:594,0
DA:595,0
DA:599,0
DA:605,0
DA:606,0
DA:607,0
DA:610,0
DA:613,0
DA:614,0
DA:617,0
DA:618,0
DA:620,0
DA:623,0
DA:629,0
DA:642,0
DA:645,0
DA:646,0
DA:649,0
DA:652,0
DA:653,0
DA:656,0
DA:657,0
DA:660,0
DA:661,0
DA:664,0
DA:665,0
DA:669,0
DA:670,0
DA:671,0
DA:672,0
DA:674,0
DA:675,0
DA:676,0
DA:677,0
DA:678,0
DA:682,0
DA:684,0
DA:685,0
DA:688,0
DA:689,0
DA:694,0
DA:698,0
DA:701,0
DA:702,0
DA:705,0
DA:707,0
DA:709,0
DA:712,0
DA:713,0
DA:714,0
DA:715,0
DA:716,0
DA:717,0
DA:720,0
DA:721,0
DA:723,0
DA:725,0
DA:727,0
DA:730,0
DA:731,0
DA:736,0
DA:737,0
DA:740,0
DA:741,0
DA:743,0
DA:745,0
DA:747,0
DA:748,0
DA:750,0
DA:753,0
DA:754,0
DA:756,0
DA:757,0
DA:759,0
DA:761,0
DA:762,0
DA:764,0
DA:766,0
DA:767,0
DA:768,0
DA:770,0
DA:772,0
DA:775,0
DA:776,0
DA:777,0
DA:778,0
DA:781,0
DA:784,0
DA:785,0
DA:786,0
DA:787,0
DA:788,0
DA:789,0
DA:790,0
DA:791,0
DA:794,0
DA:797,0
DA:800,0
DA:802,0
DA:805,0
DA:870,0
DA:871,0
DA:872,0
DA:873,0
DA:875,0
DA:876,0
DA:877,0
DA:878,0
DA:883,1
DA:884,0
DA:1098,1
DA:1099,0
DA:1100,0
DA:1101,0
DA:1104,0
DA:1105,0
DA:1107,0
DA:1109,0
DA:1110,0
DA:1111,0
DA:1112,0
DA:1113,0
DA:1115,0
DA:1119,1
DA:1120,0
DA:1121,0
DA:1122,0
DA:1124,0
DA:1125,0
DA:1127,0
DA:1128,0
DA:1130,0
DA:1133,0
DA:1137,1
DA:1138,0
DA:1152,0
DA:1155,1
LF:333
LH:25
BRDA:16,0,0,0
BRDA:16,0,1,0
BRDA:16,1,0,0
BRDA:16,1,1,0
BRDA:16,1,2,0
BRDA:50,2,0,0
BRDA:50,2,1,0
BRDA:50,3,0,0
BRDA:50,3,1,0
BRDA:94,4,0,0
BRDA:94,4,1,0
BRDA:94,5,0,0
BRDA:94,5,1,0
BRDA:114,6,0,0
BRDA:114,6,1,0
BRDA:146,7,0,0
BRDA:147,8,0,0
BRDA:157,9,0,0
BRDA:157,9,1,0
BRDA:158,10,0,0
BRDA:158,10,1,0
BRDA:159,11,0,0
BRDA:159,11,1,0
BRDA:160,12,0,0
BRDA:160,12,1,0
BRDA:162,13,0,0
BRDA:162,13,1,0
BRDA:204,14,0,0
BRDA:204,14,1,0
BRDA:233,15,0,0
BRDA:233,15,1,0
BRDA:241,16,0,0
BRDA:241,16,1,0
BRDA:241,17,0,0
BRDA:241,17,1,0
BRDA:271,18,0,0
BRDA:271,18,1,0
BRDA:327,19,0,0
BRDA:327,19,1,0
BRDA:382,20,0,0
BRDA:382,20,1,0
BRDA:412,21,0,0
BRDA:412,21,1,0
BRDA:420,22,0,0
BRDA:420,22,1,0
BRDA:428,23,0,0
BRDA:428,23,1,0
BRDA:428,24,0,0
BRDA:428,24,1,0
BRDA:429,25,0,0
BRDA:429,25,1,0
BRDA:434,26,0,0
BRDA:434,26,1,0
BRDA:446,27,0,0
BRDA:446,27,1,0
BRDA:446,28,0,0
BRDA:446,28,1,0
BRDA:448,29,0,0
BRDA:448,29,1,0
BRDA:451,30,0,0
BRDA:451,30,1,0
BRDA:473,31,0,0
BRDA:473,31,1,0
BRDA:476,32,0,0
BRDA:476,32,1,0
BRDA:480,33,0,0
BRDA:480,33,1,0
BRDA:480,34,0,0
BRDA:480,34,1,0
BRDA:490,35,0,0
BRDA:490,35,1,0
BRDA:490,36,0,0
BRDA:490,36,1,0
BRDA:492,37,0,0
BRDA:492,37,1,0
BRDA:492,38,0,0
BRDA:492,38,1,0
BRDA:507,39,0,0
BRDA:507,39,1,0
BRDA:515,40,0,0
BRDA:515,40,1,0
BRDA:562,41,0,0
BRDA:562,41,1,0
BRDA:594,42,0,0
BRDA:594,42,1,0
BRDA:605,43,0,0
BRDA:605,43,1,0
BRDA:617,44,0,0
BRDA:617,44,1,0
BRDA:618,45,0,0
BRDA:618,45,1,0
BRDA:646,46,0,0
BRDA:646,46,1,0
BRDA:653,47,0,0
BRDA:653,47,1,0
BRDA:653,47,2,0
BRDA:657,48,0,0
BRDA:657,48,1,0
BRDA:657,48,2,0
BRDA:661,49,0,0
BRDA:661,49,1,0
BRDA:661,49,2,0
BRDA:665,50,0,0
BRDA:665,50,1,0
BRDA:665,50,2,0
BRDA:674,51,0,0
BRDA:674,51,1,0
BRDA:674,51,2,0
BRDA:674,51,3,0
BRDA:685,52,0,0
BRDA:685,52,1,0
BRDA:689,53,0,0
BRDA:689,53,1,0
BRDA:720,54,0,0
BRDA:720,54,1,0
BRDA:721,55,0,0
BRDA:721,55,1,0
BRDA:725,56,0,0
BRDA:725,56,1,0
BRDA:748,57,0,0
BRDA:748,57,1,0
BRDA:762,58,0,0
BRDA:762,58,1,0
BRDA:784,59,0,0
BRDA:784,59,1,0
BRDA:785,60,0,0
BRDA:785,60,1,0
BRDA:786,61,0,0
BRDA:786,61,1,0
BRDA:787,62,0,0
BRDA:787,62,1,0
BRDA:788,63,0,0
BRDA:788,63,1,0
BRDA:789,64,0,0
BRDA:789,64,1,0
BRDA:790,65,0,0
BRDA:790,65,1,0
BRDA:791,66,0,0
BRDA:791,66,1,0
BRDA:807,67,0,0
BRDA:807,67,1,0
BRDA:810,68,0,0
BRDA:810,68,1,0
BRDA:817,69,0,0
BRDA:817,69,1,0
BRDA:1007,70,0,0
BRDA:1007,70,1,0
BRDA:1010,71,0,0
BRDA:1010,71,1,0
BRDA:1081,72,0,0
BRDA:1081,72,1,0
BRDA:1082,73,0,0
BRDA:1082,73,1,0
BRDA:1083,74,0,0
BRDA:1083,74,1,0
BRDA:1100,75,0,0
BRDA:1100,75,1,0
BRDA:1127,76,0,0
BRDA:1127,76,1,0
BRDA:1127,77,0,0
BRDA:1127,77,1,0
BRF:161
BRH:0
end_of_record
TN:
SF:Restaurant\RestaurantController\RestaurantShiftController.js
FN:5,(anonymous_0)
FN:49,(anonymous_1)
FN:78,(anonymous_2)
FN:105,(anonymous_3)
FN:192,(anonymous_4)
FN:239,(anonymous_5)
FNF:6
FNH:0
FNDA:0,(anonymous_0)
FNDA:0,(anonymous_1)
FNDA:0,(anonymous_2)
FNDA:0,(anonymous_3)
FNDA:0,(anonymous_4)
FNDA:0,(anonymous_5)
DA:1,1
DA:2,1
DA:5,1
DA:6,0
DA:7,0
DA:9,0
DA:11,0
DA:12,0
DA:15,0
DA:16,0
DA:19,0
DA:20,0
DA:23,0
DA:29,0
DA:31,0
DA:39,0
DA:40,0
DA:49,1
DA:50,0
DA:51,0
DA:56,0
DA:57,0
DA:63,0
DA:68,0
DA:69,0
DA:78,1
DA:79,0
DA:80,0
DA:81,0
DA:83,0
DA:90,0
DA:95,0
DA:96,0
DA:105,1
DA:106,0
DA:121,0
DA:124,0
DA:125,0
DA:126,0
DA:133,0
DA:147,0
DA:148,0
DA:155,0
DA:174,0
DA:176,0
DA:182,0
DA:183,0
DA:192,1
DA:193,0
DA:194,0
DA:195,0
DA:198,0
DA:199,0
DA:200,0
DA:201,0
DA:206,0
DA:207,0
DA:208,0
DA:211,0
DA:216,0
DA:217,0
DA:223,0
DA:229,0
DA:230,0
DA:239,1
DA:240,0
DA:241,0
DA:243,0
DA:245,0
DA:246,0
DA:252,0
DA:257,0
DA:258,0
LF:73
LH:8
BRDA:7,0,0,0
BRDA:7,1,0,0
BRDA:11,2,0,0
BRDA:11,2,1,0
BRDA:15,3,0,0
BRDA:15,3,1,0
BRDA:19,4,0,0
BRDA:19,4,1,0
BRDA:56,5,0,0
BRDA:56,5,1,0
BRDA:125,6,0,0
BRDA:125,6,1,0
BRDA:147,7,0,0
BRDA:147,7,1,0
BRDA:158,8,0,0
BRDA:158,8,1,0
BRDA:198,9,0,0
BRDA:198,9,1,0
BRDA:200,10,0,0
BRDA:200,10,1,0
BRDA:207,11,0,0
BRDA:207,11,1,0
BRDA:216,12,0,0
BRDA:216,12,1,0
BRDA:245,13,0,0
BRDA:245,13,1,0
BRF:26
BRH:0
end_of_record
TN:
SF:Restaurant\RestaurantController\RestaurantStockInwardController.js
FN:63,(anonymous_0)
FN:201,(anonymous_1)
FN:216,(anonymous_2)
FN:231,(anonymous_3)
FN:248,(anonymous_4)
FN:264,(anonymous_5)
FNF:6
FNH:0
FNDA:0,(anonymous_0)
FNDA:0,(anonymous_1)
FNDA:0,(anonymous_2)
FNDA:0,(anonymous_3)
FNDA:0,(anonymous_4)
FNDA:0,(anonymous_5)
DA:1,1
DA:60,1
DA:61,1
DA:63,1
DA:64,0
DA:79,0
DA:81,0
DA:82,0
DA:86,0
DA:89,0
DA:107,0
DA:150,0
DA:152,0
DA:154,0
DA:171,0
DA:172,0
DA:175,0
DA:176,0
DA:181,0
DA:189,0
DA:195,0
DA:196,0
DA:201,1
DA:202,0
DA:203,0
DA:209,0
DA:211,0
DA:216,1
DA:217,0
DA:218,0
DA:223,0
DA:225,0
DA:227,0
DA:231,1
DA:232,0
DA:233,0
DA:235,0
DA:236,0
DA:239,0
DA:240,0
DA:242,0
DA:243,0
DA:247,0
DA:248,0
DA:251,0
DA:252,0
DA:253,0
DA:255,0
DA:263,0
DA:264,0
DA:267,0
DA:268,0
DA:270,0
DA:276,0
DA:279,0
DA:284,0
DA:285,0
DA:286,0
DA:287,0
DA:289,0
DA:297,0
DA:300,0
DA:310,0
DA:313,0
DA:314,0
DA:318,0
DA:319,0
DA:320,0
DA:321,0
DA:322,0
DA:324,0
DA:326,0
DA:328,0
DA:329,0
LF:74
LH:7
BRDA:81,0,0,0
BRDA:81,0,1,0
BRDA:81,1,0,0
BRDA:81,1,1,0
BRDA:81,1,2,0
BRDA:81,1,3,0
BRDA:90,2,0,0
BRDA:90,2,1,0
BRDA:152,3,0,0
BRDA:152,3,1,0
BRDA:176,4,0,0
BRDA:176,4,1,0
BRDA:223,5,0,0
BRDA:223,5,1,0
BRDA:236,6,0,0
BRDA:236,6,1,0
BRDA:239,7,0,0
BRDA:239,7,1,0
BRDA:239,8,0,0
BRDA:239,8,1,0
BRDA:242,9,0,0
BRDA:242,9,1,0
BRDA:251,10,0,0
BRDA:251,10,1,0
BRDA:267,11,0,0
BRDA:267,11,1,0
BRDA:284,12,0,0
BRDA:284,12,1,0
BRDA:306,13,0,0
BRDA:306,13,1,0
BRF:30
BRH:0
end_of_record
TN:
SF:Restaurant\RestaurantController\RestaurantStoreLocationController.js
FN:5,(anonymous_0)
FN:13,(anonymous_1)
FN:37,(anonymous_2)
FN:63,(anonymous_3)
FN:80,(anonymous_4)
FN:88,(anonymous_5)
FN:106,(anonymous_6)
FN:114,(anonymous_7)
FNF:8
FNH:0
FNDA:0,(anonymous_0)
FNDA:0,(anonymous_1)
FNDA:0,(anonymous_2)
FNDA:0,(anonymous_3)
FNDA:0,(anonymous_4)
FNDA:0,(anonymous_5)
FNDA:0,(anonymous_6)
FNDA:0,(anonymous_7)
DA:1,1
DA:2,1
DA:5,1
DA:6,0
DA:7,0
DA:8,0
DA:10,0
DA:12,0
DA:14,0
DA:18,0
DA:24,0
DA:27,0
DA:32,0
DA:37,1
DA:38,0
DA:39,0
DA:40,0
DA:41,0
DA:44,0
DA:48,0
DA:58,0
DA:63,1
DA:64,0
DA:65,0
DA:66,0
DA:72,0
DA:73,0
DA:79,0
DA:80,0
DA:81,0
DA:83,0
DA:88,1
DA:89,0
DA:90,0
DA:91,0
DA:96,0
DA:97,0
DA:99,0
DA:105,0
DA:106,0
DA:107,0
DA:109,0
DA:114,1
DA:115,0
DA:117,0
DA:121,0
DA:122,0
DA:126,0
DA:127,0
DA:128,0
DA:131,0
DA:135,0
DA:140,0
LF:53
LH:7
BRDA:10,0,0,0
BRDA:10,0,1,0
BRDA:40,1,0,0
BRDA:40,1,1,0
BRDA:79,2,0,0
BRDA:79,2,1,0
BRDA:96,3,0,0
BRDA:96,3,1,0
BRDA:105,4,0,0
BRDA:105,4,1,0
BRDA:121,5,0,0
BRDA:121,5,1,0
BRDA:127,6,0,0
BRDA:127,6,1,0
BRF:14
BRH:0
end_of_record
TN:
SF:Restaurant\RestaurantController\RestaurantTableController.js
FN:7,(anonymous_0)
FN:88,(anonymous_1)
FN:95,(anonymous_2)
FN:109,(anonymous_3)
FN:119,(anonymous_4)
FN:139,(anonymous_5)
FN:182,(anonymous_6)
FN:192,(anonymous_7)
FNF:8
FNH:0
FNDA:0,(anonymous_0)
FNDA:0,(anonymous_1)
FNDA:0,(anonymous_2)
FNDA:0,(anonymous_3)
FNDA:0,(anonymous_4)
FNDA:0,(anonymous_5)
FNDA:0,(anonymous_6)
FNDA:0,(anonymous_7)
DA:1,1
DA:2,1
DA:3,1
DA:4,1
DA:5,1
DA:7,1
DA:8,0
DA:9,0
DA:10,0
DA:12,0
DA:13,0
DA:14,0
DA:17,0
DA:19,0
DA:20,0
DA:22,0
DA:23,0
DA:24,0
DA:27,0
DA:28,0
DA:29,0
DA:32,0
DA:35,0
DA:36,0
DA:39,0
DA:41,0
DA:42,0
DA:43,0
DA:47,0
DA:48,0
DA:49,0
DA:50,0
DA:53,0
DA:54,0
DA:55,0
DA:56,0
DA:59,0
DA:62,0
DA:63,0
DA:64,0
DA:65,0
DA:68,0
DA:74,0
DA:76,0
DA:79,0
DA:81,0
DA:83,0
DA:84,0
DA:88,1
DA:89,0
DA:90,0
DA:91,0
DA:92,0
DA:95,1
DA:96,0
DA:101,0
DA:102,0
DA:104,0
DA:105,0
DA:109,1
DA:110,0
DA:111,0
DA:112,0
DA:115,0
DA:116,0
DA:118,0
DA:119,0
DA:122,0
DA:124,0
DA:125,0
DA:126,0
DA:128,0
DA:130,0
DA:131,0
DA:134,0
DA:135,0
DA:137,0
DA:139,0
DA:140,0
DA:141,0
DA:149,0
DA:150,0
DA:151,0
DA:152,0
DA:153,0
DA:157,0
DA:158,0
DA:159,0
DA:160,0
DA:161,0
DA:165,0
DA:174,0
DA:175,0
DA:176,0
DA:179,0
DA:182,1
DA:183,0
DA:185,0
DA:186,0
DA:187,0
DA:190,0
DA:191,0
DA:192,0
DA:193,0
DA:194,0
DA:200,0
DA:201,0
DA:204,1
LF:108
LH:11
BRDA:12,0,0,0
BRDA:12,0,1,0
BRDA:20,1,0,0
BRDA:20,1,1,0
BRDA:28,2,0,0
BRDA:28,2,1,0
BRDA:41,3,0,0
BRDA:41,3,1,0
BRDA:41,4,0,0
BRDA:41,4,1,0
BRDA:48,5,0,0
BRDA:48,5,1,0
BRDA:48,6,0,0
BRDA:48,6,1,0
BRDA:54,7,0,0
BRDA:54,7,1,0
BRDA:59,8,0,0
BRDA:59,8,1,0
BRDA:63,9,0,0
BRDA:63,9,1,0
BRDA:71,10,0,0
BRDA:71,10,1,0
BRDA:72,11,0,0
BRDA:72,11,1,0
BRDA:90,12,0,0
BRDA:90,12,1,0
BRDA:101,13,0,0
BRDA:101,13,1,0
BRDA:110,14,0,0
BRDA:110,14,1,0
BRDA:119,15,0,0
BRDA:119,15,1,0
BRDA:122,16,0,0
BRDA:122,16,1,0
BRDA:126,17,0,0
BRDA:126,17,1,0
BRDA:131,18,0,0
BRDA:131,18,1,0
BRDA:131,19,0,0
BRDA:131,19,1,0
BRDA:134,20,0,0
BRDA:134,20,1,0
BRDA:140,21,0,0
BRDA:140,21,1,0
BRDA:140,22,0,0
BRDA:140,22,1,0
BRDA:149,23,0,0
BRDA:149,23,1,0
BRDA:151,24,0,0
BRDA:151,24,1,0
BRDA:151,25,0,0
BRDA:151,25,1,0
BRDA:157,26,0,0
BRDA:157,26,1,0
BRDA:159,27,0,0
BRDA:159,27,1,0
BRDA:174,28,0,0
BRDA:174,28,1,0
BRDA:185,29,0,0
BRDA:185,29,1,0
BRDA:190,30,0,0
BRDA:190,30,1,0
BRDA:193,31,0,0
BRDA:193,31,1,0
BRDA:193,32,0,0
BRDA:193,32,1,0
BRF:66
BRH:0
end_of_record
TN:
SF:Restaurant\RestaurantRoutes\RestaurantBranchRoutes.js
FN:16,(anonymous_0)
FN:27,(anonymous_1)
FN:37,(anonymous_2)
FN:54,(anonymous_3)
FNF:4
FNH:0
FNDA:0,(anonymous_0)
FNDA:0,(anonymous_1)
FNDA:0,(anonymous_2)
FNDA:0,(anonymous_3)
DA:1,1
DA:2,1
DA:3,1
DA:4,1
DA:5,1
DA:12,1
DA:15,1
DA:19,0
DA:21,0
DA:22,0
DA:24,0
DA:25,0
DA:29,0
DA:30,0
DA:31,0
DA:32,0
DA:37,1
DA:38,0
DA:39,0
DA:41,0
DA:45,1
DA:54,1
DA:55,0
DA:56,0
DA:57,0
DA:59,0
DA:60,0
DA:61,0
DA:63,0
DA:67,1
DA:69,1
DA:75,1
LF:32
LH:13
BRDA:21,0,0,0
BRDA:21,0,1,0
BRDA:38,1,0,0
BRDA:38,1,1,0
BRDA:55,2,0,0
BRDA:55,2,1,0
BRDA:56,3,0,0
BRDA:56,3,1,0
BRDA:60,4,0,0
BRDA:60,4,1,0
BRF:10
BRH:0
end_of_record
TN:
SF:Restaurant\RestaurantRoutes\RestaurantGoodReceiptNotesRoutes.js
FN:7,(anonymous_0)
FN:16,(anonymous_1)
FN:88,(anonymous_2)
FN:122,(anonymous_3)
FN:180,(anonymous_4)
FN:223,(anonymous_5)
FN:272,(anonymous_6)
FN:300,(anonymous_7)
FN:301,(anonymous_8)
FN:302,(anonymous_9)
FN:325,(anonymous_10)
FN:361,(anonymous_11)
FNF:12
FNH:0
FNDA:0,(anonymous_0)
FNDA:0,(anonymous_1)
[...]
BRDA:31,2,0,0
BRDA:31,2,1,0
BRDA:40,3,0,0
BRDA:40,3,1,0
BRDA:42,4,0,0
BRDA:42,4,1,0
BRF:10
BRH:1
end_of_record
TN:
SF:routes\salarySlipRoutes.js
FNF:0
FNH:0
DA:1,1
DA:2,1
DA:11,1
DA:14,1
DA:15,1
DA:16,1
DA:17,1
DA:18,1
DA:19,1
DA:20,1
DA:22,1
LF:11
LH:11
BRF:0
BRH:0
end_of_record
TN:
SF:routes\salaryStructureRoutes.js
FNF:0
FNH:0
DA:1,1
DA:2,1
DA:3,1
DA:6,1
DA:9,1
DA:12,1
DA:15,1
DA:17,1
LF:8
LH:8
BRF:0
BRH:0
end_of_record
TN:
SF:routes\salesReport.js
FNF:0
FNH:0
DA:1,1
DA:2,1
DA:3,1
DA:5,1
DA:6,1
DA:7,1
DA:8,1
DA:10,1
LF:8
LH:8
BRF:0
BRH:0
end_of_record
TN:
SF:routes\salesRoutes.js
FNF:0
FNH:0
DA:1,1
DA:2,1
DA:3,1
DA:6,1
DA:7,1
DA:8,1
DA:9,1
DA:10,1
DA:13,1
DA:14,1
DA:15,1
DA:16,1
DA:17,1
DA:20,1
DA:21,1
DA:22,1
DA:23,1
DA:24,1
DA:27,1
DA:28,1
DA:29,1
DA:30,1
DA:31,1
DA:34,1
DA:35,1
DA:36,1
DA:37,1
DA:38,1
DA:41,1
DA:42,1
DA:43,1
DA:44,1
DA:45,1
DA:48,1
DA:49,1
DA:50,1
DA:51,1
DA:52,1
DA:55,1
DA:56,1
DA:57,1
DA:58,1
DA:60,1
LF:43
LH:43
BRF:0
BRH:0
end_of_record
TN:
SF:routes\securityRoutes.js
FNF:0
FNH:0
DA:1,1
DA:2,1
DA:32,1
DA:35,1
DA:38,1
DA:39,1
DA:40,1
DA:41,1
DA:42,1
DA:43,1
DA:46,1
DA:47,1
DA:48,1
DA:49,1
DA:50,1
DA:51,1
DA:52,1
DA:55,1
DA:56,1
DA:57,1
DA:58,1
DA:59,1
DA:62,1
DA:63,1
DA:64,1
DA:66,1
LF:26
LH:26
BRF:0
BRH:0
end_of_record
TN:
SF:routes\settingsRoutes.js
FNF:0
FNH:0
DA:2,1
DA:3,1
DA:10,1
DA:12,1
DA:13,1
DA:14,1
DA:15,1
DA:16,1
DA:18,1
LF:9
LH:9
BRF:0
BRH:0
end_of_record
TN:
SF:routes\simpleAttendanceRoutes.js
FNF:0
FNH:0
DA:1,1
DA:2,1
DA:3,1
DA:6,1
DA:7,1
DA:8,1
DA:9,1
DA:11,1
LF:8
LH:8
BRF:0
BRH:0
end_of_record
TN:
SF:routes\siteManagementRoutes.js
FN:18,(anonymous_0)
FN:21,(anonymous_1)
FN:27,(anonymous_2)
FNF:3
FNH:0
FNDA:0,(anonymous_0)
FNDA:0,(anonymous_1)
FNDA:0,(anonymous_2)
DA:1,1
DA:2,1
DA:3,1
DA:4,1
DA:5,1
DA:6,1
DA:7,1
DA:8,1
DA:11,1
DA:12,1
DA:13,0
DA:17,1
DA:19,0
DA:22,0
DA:23,0
DA:27,1
DA:28,0
DA:36,0
DA:37,0
DA:39,0
DA:43,1
DA:50,1
DA:66,1
DA:67,1
DA:68,1
DA:69,1
DA:70,1
DA:73,1
DA:74,1
DA:77,1
DA:78,1
DA:81,1
DA:82,1
DA:83,1
DA:84,1
DA:87,1
DA:88,1
DA:89,1
DA:90,1
DA:93,1
DA:94,1
DA:95,1
DA:96,1
DA:99,1
DA:100,1
DA:101,1
DA:104,1
DA:105,1
DA:108,1
DA:109,1
DA:110,1
DA:113,1
DA:114,1
DA:115,1
DA:117,1
LF:55
LH:47
BRDA:12,0,0,0
BRDA:12,0,1,1
BRDA:36,1,0,0
BRDA:36,1,1,0
BRF:4
BRH:1
end_of_record
TN:
SF:routes\siteroutes.js
FN:16,(anonymous_0)
FN:19,(anonymous_1)
FN:25,(anonymous_2)
FNF:3
FNH:0
FNDA:0,(anonymous_0)
FNDA:0,(anonymous_1)
FNDA:0,(anonymous_2)
DA:1,1
DA:2,1
DA:3,1
DA:4,1
DA:5,1
DA:6,1
DA:9,1
DA:10,1
DA:11,0
DA:15,1
DA:17,0
DA:20,0
DA:21,0
DA:25,1
DA:26,0
DA:27,0
DA:28,0
DA:29,0
DA:30,0
DA:32,0
DA:36,1
DA:43,1
DA:44,1
DA:45,1
DA:46,1
DA:47,1
DA:50,1
DA:51,1
DA:52,1
DA:53,1
DA:54,1
DA:56,1
LF:32
LH:22
BRDA:10,0,0,0
BRDA:10,0,1,1
BRDA:29,1,0,0
BRDA:29,1,1,0
BRDA:29,2,0,0
BRDA:29,2,1,0
BRF:6
BRH:1
end_of_record
TN:
SF:routes\staffInvoiceRoutes.js
FNF:0
FNH:0
DA:1,1
DA:2,1
DA:3,1
DA:6,1
DA:9,1
DA:12,1
DA:15,1
DA:18,1
DA:21,1
DA:24,1
DA:27,1
DA:30,1
DA:33,1
DA:35,1
LF:14
LH:14
BRF:0
BRH:0
end_of_record
TN:
SF:routes\staffLoginRoutes.js
FNF:0
FNH:0
DA:1,1
DA:2,1
DA:3,1
DA:6,1
DA:7,1
DA:8,1
DA:9,1
DA:10,1
DA:13,1
DA:14,1
DA:17,1
DA:18,1
DA:19,1
DA:21,1
LF:14
LH:14
BRF:0
BRH:0
end_of_record
TN:
SF:routes\staffOrderRoutes.js
FNF:0
FNH:0
DA:1,1
DA:2,1
DA:3,1
DA:6,1
DA:9,1
DA:12,1
DA:15,1
DA:18,1
DA:21,1
DA:24,1
DA:27,1
DA:30,1
DA:33,1
DA:36,1
DA:39,1
DA:42,1
DA:45,1
DA:47,1
LF:18
LH:18
BRF:0
BRH:0
end_of_record
TN:
SF:routes\staffRoutes.js
FNF:0
FNH:0
DA:1,1
DA:2,1
DA:3,1
DA:4,1
DA:7,1
DA:8,1
DA:9,1
DA:10,1
DA:11,1
DA:14,1
DA:16,1
LF:11
LH:11
BRF:0
BRH:0
end_of_record
TN:
SF:routes\stockRoutes.js
FN:6,(anonymous_0)
FN:36,(anonymous_1)
FNF:2
FNH:0
FNDA:0,(anonymous_0)
FNDA:0,(anonymous_1)
DA:1,1
DA:2,1
DA:3,1
DA:6,1
DA:7,0
DA:8,0
DA:10,0
DA:11,0
DA:12,0
DA:13,0
DA:15,0
DA:21,0
DA:26,0
DA:27,0
DA:36,1
DA:37,0
DA:50,0
DA:52,0
DA:53,0
DA:60,0
DA:74,0
DA:77,0
DA:78,0
DA:83,0
DA:84,0
DA:85,0
DA:86,0
DA:87,0
DA:88,0
DA:89,0
DA:91,0
DA:99,0
DA:101,0
DA:102,0
DA:107,0
DA:108,0
DA:109,0
DA:110,0
DA:114,0
DA:121,0
DA:122,0
DA:124,0
DA:130,0
DA:131,0
DA:139,1
LF:45
LH:6
BRDA:11,0,0,0
BRDA:11,0,1,0
BRDA:12,1,0,0
BRDA:12,1,1,0
BRDA:13,2,0,0
BRDA:13,2,1,0
BRDA:52,3,0,0
BRDA:52,3,1,0
BRDA:52,4,0,0
BRDA:52,4,1,0
BRDA:52,4,2,0
BRDA:52,4,3,0
BRDA:66,5,0,0
BRDA:66,5,1,0
BRDA:77,6,0,0
BRDA:77,6,1,0
BRDA:83,7,0,0
BRDA:83,7,1,0
BRDA:86,8,0,0
BRDA:86,8,1,0
BRDA:87,9,0,0
BRDA:87,9,1,0
BRDA:101,10,0,0
BRDA:101,10,1,0
BRDA:107,11,0,0
BRDA:107,11,1,0
BRF:26
BRH:0
end_of_record
TN:
SF:routes\storeInventoryRoutes.js
FNF:0
FNH:0
DA:1,1
DA:2,1
DA:3,1
DA:6,1
DA:9,1
DA:12,1
DA:15,1
DA:18,1
DA:21,1
DA:24,1
DA:26,1
LF:11
LH:11
BRF:0
BRH:0
end_of_record
TN:
SF:routes\subAdminRoutes.js
FNF:0
FNH:0
DA:1,1
DA:2,1
DA:3,1
DA:6,1
DA:7,1
DA:8,1
DA:9,1
DA:10,1
DA:11,1
DA:13,1
LF:10
LH:10
BRF:0
BRH:0
end_of_record
TN:
SF:routes\subcontractorRoutes.js
FN:25,(anonymous_0)
FN:28,(anonymous_1)
FNF:2
FNH:0
FNDA:0,(anonymous_0)
FNDA:0,(anonymous_1)
DA:1,1
DA:2,1
DA:3,1
DA:4,1
DA:5,1
DA:15,1
DA:18,1
DA:19,1
DA:20,0
DA:24,1
DA:26,0
DA:29,0
DA:30,0
DA:34,1
DA:40,1
DA:49,1
DA:50,1
DA:51,1
DA:52,1
DA:53,1
DA:54,1
DA:55,1
DA:57,1
LF:23
LH:19
BRDA:19,0,0,0
BRDA:19,0,1,1
BRF:2
BRH:1
end_of_record
TN:
SF:routes\supervisorexpenseRoutes.js
FNF:0
FNH:0
DA:24,1
DA:25,1
DA:33,1
DA:37,1
DA:43,1
DA:48,1
DA:53,1
DA:57,1
LF:8
LH:8
BRF:0
BRH:0
end_of_record
TN:
SF:routes\supplierRoutes.js
FNF:0
FNH:0
DA:1,1
DA:2,1
DA:3,1
DA:6,1
DA:9,1
DA:12,1
DA:15,1
DA:17,1
LF:8
LH:8
BRF:0
BRH:0
end_of_record
TN:
SF:routes\tableRoutes.js
FN:8,(anonymous_0)
FN:11,(anonymous_1)
FNF:2
FNH:0
FNDA:0,(anonymous_0)
FNDA:0,(anonymous_1)
DA:1,1
DA:2,1
DA:3,1
DA:4,1
DA:7,1
DA:9,0
DA:12,0
DA:16,1
DA:19,1
DA:23,1
DA:28,1
LF:11
LH:9
BRF:0
BRH:0
end_of_record
TN:
SF:routes\taskRoutes.js
FNF:0
FNH:0
DA:1,1
DA:2,1
DA:10,1
DA:13,1
DA:14,1
DA:15,1
DA:16,1
DA:17,1
DA:18,1
DA:19,1
DA:21,1
LF:11
LH:11
BRF:0
BRH:0
end_of_record
TN:
SF:routes\taxRoutes.js
FNF:0
FNH:0
DA:1,1
DA:2,1
DA:3,1
DA:6,1
DA:7,1
DA:8,1
DA:9,1
DA:10,1
DA:13,1
DA:14,1
DA:17,1
DA:18,1
DA:21,1
DA:22,1
DA:23,1
DA:26,1
DA:28,1
LF:17
LH:17
BRF:0
BRH:0
end_of_record
TN:
SF:routes\termsRoutes.js
FNF:0
FNH:0
DA:1,1
DA:2,1
DA:3,1
DA:6,1
DA:7,1
DA:10,1
DA:11,1
DA:12,1
DA:14,1
LF:9
LH:9
BRF:0
BRH:0
end_of_record
TN:
SF:routes\ticketRoutes.js
FNF:0
FNH:0
DA:1,1
DA:2,1
DA:3,1
DA:5,1
DA:6,1
DA:7,1
DA:8,1
DA:9,1
DA:11,1
LF:9
LH:9
BRF:0
BRH:0
end_of_record
TN:
SF:routes\transferRoutes.js
FNF:0
FNH:0
DA:1,1
DA:2,1
DA:3,1
DA:5,1
DA:6,1
DA:7,1
DA:8,1
DA:9,1
DA:11,1
LF:9
LH:9
BRF:0
BRH:0
end_of_record
TN:
SF:routes\userRoutes.js
FN:6,(anonymous_0)
FN:20,(anonymous_1)
FN:50,(anonymous_2)
FN:75,(anonymous_3)
FN:112,(anonymous_4)
FN:152,(anonymous_5)
FNF:6
FNH:0
FNDA:0,(anonymous_0)
FNDA:0,(anonymous_1)
FNDA:0,(anonymous_2)
FNDA:0,(anonymous_3)
FNDA:0,(anonymous_4)
FNDA:0,(anonymous_5)
DA:1,1
DA:2,1
DA:3,1
DA:6,1
DA:7,0
DA:8,0
DA:12,0
DA:14,0
DA:15,0
DA:20,1
DA:21,0
DA:22,0
DA:23,0
DA:25,0
DA:26,0
DA:29,0
DA:35,0
DA:36,0
DA:39,0
DA:44,0
DA:45,0
DA:50,1
DA:51,0
DA:52,0
DA:54,0
DA:56,0
DA:57,0
DA:60,0
DA:69,0
DA:70,0
DA:75,1
DA:76,0
DA:77,0
DA:80,0
DA:81,0
DA:82,0
DA:86,0
DA:95,0
DA:98,0
DA:99,0
DA:101,0
DA:106,0
DA:107,0
DA:112,1
DA:113,0
DA:114,0
DA:115,0
DA:118,0
DA:119,0
DA:120,0
DA:124,0
DA:125,0
DA:126,0
DA:127,0
DA:130,0
DA:131,0
DA:135,0
DA:138,0
DA:139,0
DA:141,0
DA:146,0
DA:147,0
DA:152,1
DA:153,0
DA:154,0
DA:156,0
DA:158,0
DA:159,0
DA:162,0
DA:166,0
DA:167,0
DA:171,1
LF:72
LH:10
BRDA:25,0,0,0
BRDA:25,0,1,0
BRDA:35,1,0,0
BRDA:35,1,1,0
BRDA:56,2,0,0
BRDA:56,2,1,0
BRDA:61,3,0,0
BRDA:61,3,1,0
BRDA:81,4,0,0
BRDA:81,4,1,0
BRDA:119,5,0,0
BRDA:119,5,1,0
BRDA:130,6,0,0
BRDA:130,6,1,0
BRDA:130,7,0,0
BRDA:130,7,1,0
BRDA:158,8,0,0
BRDA:158,8,1,0
BRF:18
BRH:0
end_of_record
TN:
SF:routes\vendorRoutes.js
FNF:0
FNH:0
DA:1,1
DA:2,1
DA:3,1
DA:6,1
DA:9,1
DA:12,1
DA:15,1
DA:18,1
DA:20,1
LF:9
LH:9
BRF:0
BRH:0
end_of_record
TN:
SF:routes\workerRoutes.js
FNF:0
FNH:0
DA:1,1
DA:2,1
DA:3,1
DA:6,1
DA:7,1
DA:8,1
DA:9,1
DA:10,1
DA:13,1
DA:14,1
DA:15,1
DA:17,1
LF:12
LH:12
BRF:0
BRH:0
end_of_record
TN:
SF:services\approvalService.js
FN:9,(anonymous_0)
FN:47,(anonymous_1)
FN:48,(anonymous_2)
FN:52,(anonymous_3)
FN:100,(anonymous_4)
FN:152,(anonymous_5)
FN:196,(anonymous_6)
FN:225,(anonymous_7)
FN:277,(anonymous_8)
FN:282,(anonymous_9)
FN:303,(anonymous_10)
FN:318,(anonymous_11)
FN:334,(anonymous_12)
FN:336,(anonymous_13)
FN:340,(anonymous_14)
FN:383,(anonymous_15)
FN:421,(anonymous_16)
FN:449,(anonymous_17)
FN:458,(anonymous_18)
FN:465,(anonymous_19)
FNF:20
FNH:0
FNDA:0,(anonymous_0)
FNDA:0,(anonymous_1)
FNDA:0,(anonymous_2)
FNDA:0,(anonymous_3)
FNDA:0,(anonymous_4)
FNDA:0,(anonymous_5)
FNDA:0,(anonymous_6)
FNDA:0,(anonymous_7)
FNDA:0,(anonymous_8)
FNDA:0,(anonymous_9)
FNDA:0,(anonymous_10)
FNDA:0,(anonymous_11)
FNDA:0,(anonymous_12)
FNDA:0,(anonymous_13)
FNDA:0,(anonymous_14)
FNDA:0,(anonymous_15)
FNDA:0,(anonymous_16)
FNDA:0,(anonymous_17)
FNDA:0,(anonymous_18)
FNDA:0,(anonymous_19)
DA:1,1
DA:2,1
DA:3,1
DA:23,0
DA:25,0
DA:33,0
DA:34,0
DA:40,0
DA:46,0
DA:47,0
DA:48,0
DA:52,0
DA:62,0
DA:83,0
DA:86,0
DA:87,0
DA:90,0
DA:92,0
DA:93,0
DA:106,0
DA:107,0
DA:111,0
DA:112,0
DA:115,0
DA:116,0
DA:121,0
DA:122,0
DA:126,0
DA:129,0
DA:131,0
DA:134,0
DA:135,0
DA:138,0
DA:142,0
DA:144,0
DA:145,0
DA:159,0
DA:160,0
DA:164,0
DA:165,0
DA:168,0
DA:169,0
DA:174,0
DA:175,0
DA:179,0
DA:182,0
DA:183,0
DA:186,0
DA:188,0
DA:189,0
DA:197,0
DA:198,0
DA:200,0
DA:201,0
DA:205,0
DA:206,0
DA:209,0
DA:210,0
DA:213,0
DA:215,0
DA:217,0
DA:218,0
DA:230,0
DA:231,0
DA:235,0
DA:236,0
DA:239,0
DA:240,0
DA:243,0
DA:244,0
DA:247,0
DA:250,0
DA:254,0
DA:267,0
DA:268,0
DA:269,0
DA:270,0
DA:271,0
DA:272,0
DA:273,0
DA:274,0
DA:277,0
DA:278,0
DA:279,0
DA:280,0
DA:281,0
DA:282,0
DA:283,0
DA:284,0
DA:288,0
DA:291,0
DA:293,0
DA:295,0
DA:296,0
DA:304,0
DA:305,0
DA:310,0
DA:311,0
DA:319,0
DA:320,0
DA:326,0
DA:327,0
DA:335,0
DA:336,0
DA:338,0
DA:340,0
DA:343,0
DA:344,0
DA:346,0
DA:347,0
DA:368,0
DA:374,0
DA:376,0
DA:384,0
DA:386,0
DA:391,0
DA:395,0
DA:414,0
DA:422,0
DA:423,0
DA:442,0
DA:450,0
DA:451,0
DA:456,0
DA:457,0
DA:458,0
DA:461,0
DA:463,0
DA:464,0
DA:465,0
DA:468,0
DA:471,0
DA:473,0
DA:475,0
DA:476,0
DA:477,0
DA:479,0
DA:482,0
DA:483,0
DA:484,0
DA:497,0
DA:502,1
LF:142
LH:4
BRDA:33,0,0,0
BRDA:33,0,1,0
BRDA:51,1,0,0
BRDA:51,1,1,0
BRDA:56,2,0,0
BRDA:56,2,1,0
BRDA:57,3,0,0
BRDA:57,3,1,0
BRDA:71,4,0,0
BRDA:71,4,1,0
BRDA:72,5,0,0
BRDA:72,5,1,0
BRDA:86,6,0,0
BRDA:86,6,1,0
BRDA:111,7,0,0
BRDA:111,7,1,0
BRDA:115,8,0,0
BRDA:115,8,1,0
BRDA:121,9,0,0
BRDA:121,9,1,0
BRDA:129,10,0,0
BRDA:129,10,1,0
BRDA:134,11,0,0
BRDA:134,11,1,0
BRDA:164,12,0,0
BRDA:164,12,1,0
BRDA:168,13,0,0
BRDA:168,13,1,0
BRDA:174,14,0,0
BRDA:174,14,1,0
BRDA:182,15,0,0
BRDA:182,15,1,0
BRDA:200,16,0,0
BRDA:200,16,1,0
BRDA:205,17,0,0
BRDA:205,17,1,0
BRDA:209,18,0,0
BRDA:209,18,1,0
BRDA:235,19,0,0
BRDA:235,19,1,0
BRDA:239,20,0,0
BRDA:239,20,1,0
BRDA:243,21,0,0
BRDA:243,21,1,0
BRDA:247,22,0,0
BRDA:247,22,1,0
BRDA:278,23,0,0
BRDA:278,23,1,0
BRDA:279,24,0,0
BRDA:279,24,1,0
BRDA:338,25,0,0
BRDA:338,25,1,0
BRDA:386,26,0,0
BRDA:386,26,1,0
BRDA:391,27,0,0
BRDA:391,27,1,0
BRDA:461,28,0,0
BRDA:461,28,1,0
BRDA:461,29,0,0
BRDA:461,29,1,0
BRDA:468,30,0,0
BRDA:468,30,1,0
BRDA:468,31,0,0
BRDA:468,31,1,0
BRDA:473,32,0,0
BRDA:473,32,1,0
BRDA:482,33,0,0
BRDA:482,33,1,0
BRDA:482,34,0,0
BRDA:482,34,1,0
BRF:70
BRH:0
end_of_record
TN:
SF:services\emailService.js
FN:4,(anonymous_0)
FN:22,(anonymous_1)
FN:73,(anonymous_2)
FN:90,(anonymous_3)
FN:131,(anonymous_4)
FN:155,(anonymous_5)
FN:181,(anonymous_6)
FN:206,(anonymous_7)
FN:229,(anonymous_8)
FN:252,(anonymous_9)
FNF:10
FNH:1
FNDA:1,(anonymous_0)
FNDA:0,(anonymous_1)
FNDA:0,(anonymous_2)
FNDA:0,(anonymous_3)
FNDA:0,(anonymous_4)
FNDA:0,(anonymous_5)
FNDA:0,(anonymous_6)
FNDA:0,(anonymous_7)
FNDA:0,(anonymous_8)
FNDA:0,(anonymous_9)
DA:1,1
DA:6,1
DA:16,1
DA:23,0
DA:24,0
DA:25,0
DA:26,0
DA:32,0
DA:40,0
DA:41,0
DA:44,0
DA:45,0
DA:48,0
DA:49,0
DA:52,0
DA:54,0
DA:56,0
DA:62,0
DA:63,0
DA:74,0
DA:76,0
DA:77,0
DA:78,0
DA:84,0
DA:91,0
DA:92,0
DA:94,0
DA:95,0
DA:101,0
DA:111,0
DA:112,0
DA:114,0
DA:117,0
DA:119,0
DA:120,0
DA:121,0
DA:132,0
DA:134,0
DA:135,0
DA:141,0
DA:156,0
DA:157,0
DA:158,0
DA:164,0
DA:165,0
DA:170,0
DA:171,0
DA:182,0
DA:183,0
DA:193,0
DA:195,0
DA:207,0
DA:208,0
DA:219,0
DA:230,0
DA:231,0
DA:242,0
DA:253,0
DA:254,0
DA:266,0
DA:274,1
LF:61
LH:4
BRDA:7,0,0,1
BRDA:7,0,1,1
BRDA:8,1,0,1
BRDA:8,1,1,1
BRDA:16,2,0,1
BRDA:16,2,1,1
BRDA:24,3,0,0
BRDA:24,3,1,0
BRDA:24,4,0,0
BRDA:24,4,1,0
BRDA:34,5,0,0
BRDA:34,5,1,0
BRDA:36,6,0,0
BRDA:36,6,1,0
BRDA:37,7,0,0
BRDA:37,7,1,0
BRDA:37,7,2,0
BRDA:40,8,0,0
BRDA:40,8,1,0
BRDA:40,9,0,0
BRDA:40,9,1,0
BRDA:41,10,0,0
BRDA:41,10,1,0
BRDA:44,11,0,0
BRDA:44,11,1,0
BRDA:44,12,0,0
BRDA:44,12,1,0
BRDA:45,13,0,0
BRDA:45,13,1,0
BRDA:48,14,0,0
BRDA:48,14,1,0
BRDA:48,15,0,0
BRDA:48,15,1,0
BRDA:94,16,0,0
BRDA:94,16,1,0
BRDA:94,17,0,0
BRDA:94,17,1,0
BRDA:105,18,0,0
BRDA:105,18,1,0
BRDA:106,19,0,0
BRDA:106,19,1,0
BRDA:107,20,0,0
BRDA:107,20,1,0
BRDA:111,21,0,0
BRDA:111,21,1,0
BRDA:134,22,0,0
BRDA:134,22,1,0
BRDA:147,23,0,0
BRDA:147,23,1,0
BRDA:157,24,0,0
BRDA:157,24,1,0
BRDA:157,25,0,0
BRDA:157,25,1,0
BRDA:193,26,0,0
BRDA:193,26,1,0
BRDA:211,27,0,0
BRDA:211,27,1,0
BRDA:259,28,0,0
BRDA:259,28,1,0
BRDA:261,29,0,0
BRDA:261,29,1,0
BRF:61
BRH:6
end_of_record
TN:
SF:services\notificationService.js
FN:12,(anonymous_0)
FN:59,(anonymous_1)
FN:123,(anonymous_2)
FN:185,(anonymous_3)
FN:223,(anonymous_4)
FN:252,(anonymous_5)
FN:259,(anonymous_6)
FN:283,(anonymous_7)
FN:294,(anonymous_8)
FN:313,(anonymous_9)
FN:320,(anonymous_10)
FN:349,(anonymous_11)
FN:356,(anonymous_12)
FN:375,(anonymous_13)
FN:382,(anonymous_14)
FN:408,(anonymous_15)
FN:417,(anonymous_16)
FN:434,(anonymous_17)
FNF:18
FNH:0
FNDA:0,(anonymous_0)
FNDA:0,(anonymous_1)
FNDA:0,(anonymous_2)
FNDA:0,(anonymous_3)
FNDA:0,(anonymous_4)
FNDA:0,(anonymous_5)
FNDA:0,(anonymous_6)
FNDA:0,(anonymous_7)
FNDA:0,(anonymous_8)
FNDA:0,(anonymous_9)
FNDA:0,(anonymous_10)
FNDA:0,(anonymous_11)
FNDA:0,(anonymous_12)
FNDA:0,(anonymous_13)
FNDA:0,(anonymous_14)
FNDA:0,(anonymous_15)
FNDA:0,(anonymous_16)
FNDA:0,(anonymous_17)
DA:1,1
DA:2,1
DA:3,1
DA:4,1
DA:5,1
DA:6,1
DA:13,0
DA:15,0
DA:19,0
DA:28,0
DA:29,0
DA:32,0
DA:33,0
DA:36,0
DA:37,0
DA:42,0
DA:48,0
DA:49,0
DA:66,0
DA:68,0
DA:70,0
DA:71,0
DA:75,0
DA:78,0
DA:98,0
DA:110,0
DA:112,0
DA:113,0
DA:136,0
DA:138,0
DA:141,0
DA:160,0
DA:172,0
DA:174,0
DA:175,0
DA:198,0
DA:200,0
DA:201,0
DA:214,0
DA:217,0
DA:224,0
DA:225,0
DA:227,0
DA:252,0
DA:260,0
DA:261,0
DA:263,0
DA:283,0
DA:295,0
DA:296,0
DA:298,0
DA:313,0
DA:321,0
DA:322,0
DA:324,0
DA:349,0
DA:357,0
DA:358,0
DA:360,0
DA:375,0
DA:383,0
DA:384,0
DA:388,0
DA:408,0
DA:418,0
DA:424,0
DA:435,0
DA:437,0
DA:438,0
DA:439,0
DA:440,0
DA:444,0
DA:448,1
LF:73
LH:7
BRDA:28,0,0,0
BRDA:28,0,1,0
BRDA:32,1,0,0
BRDA:32,1,1,0
BRDA:36,2,0,0
BRDA:36,2,1,0
BRDA:70,3,0,0
BRDA:70,3,1,0
BRDA:99,4,0,0
BRDA:99,4,1,0
BRDA:100,5,0,0
BRDA:100,5,1,0
BRDA:101,6,0,0
BRDA:101,6,1,0
BRDA:143,7,0,0
BRDA:143,7,1,0
BRDA:147,8,0,0
BRDA:147,8,1,0
BRDA:152,9,0,0
BRDA:152,9,1,0
BRDA:385,10,0,0
BRDA:385,10,1,0
BRDA:438,11,0,0
BRDA:438,11,1,0
BRF:24
BRH:0
end_of_record
TN:
SF:services\smsService.js
FN:5,(anonymous_0)
FN:20,(anonymous_1)
FN:34,(anonymous_2)
FN:81,(anonymous_3)
FN:98,(anonymous_4)
FN:118,(anonymous_5)
FN:124,(anonymous_6)
FN:125,(anonymous_7)
FN:147,(anonymous_8)
FN:155,(anonymous_9)
FN:165,(anonymous_10)
FN:173,(anonymous_11)
FN:181,(anonymous_12)
FN:191,(anonymous_13)
FN:199,(anonymous_14)
FNF:15
FNH:2
FNDA:1,(anonymous_0)
FNDA:1,(anonymous_1)
FNDA:0,(anonymous_2)
FNDA:0,(anonymous_3)
FNDA:0,(anonymous_4)
FNDA:0,(anonymous_5)
FNDA:0,(anonymous_6)
FNDA:0,(anonymous_7)
FNDA:0,(anonymous_8)
FNDA:0,(anonymous_9)
FNDA:0,(anonymous_10)
FNDA:0,(anonymous_11)
FNDA:0,(anonymous_12)
FNDA:0,(anonymous_13)
FNDA:0,(anonymous_14)
DA:7,1
DA:8,1
DA:10,1
DA:11,0
DA:12,0
DA:16,0
DA:21,1
DA:22,1
DA:28,0
DA:35,0
DA:36,0
DA:37,0
DA:38,0
DA:39,0
DA:47,0
DA:49,0
DA:50,0
DA:56,0
DA:58,0
DA:65,0
DA:70,0
DA:71,0
DA:82,0
DA:84,0
DA:85,0
DA:86,0
DA:92,0
DA:99,0
DA:100,0
DA:102,0
DA:103,0
DA:109,0
DA:110,0
DA:111,0
DA:115,0
DA:118,0
DA:120,0
DA:121,0
DA:123,0
DA:124,0
DA:125,0
DA:127,0
DA:130,0
DA:135,0
DA:136,0
DA:137,0
DA:148,0
DA:149,0
DA:156,0
DA:159,0
DA:166,0
DA:167,0
DA:174,0
DA:175,0
DA:182,0
DA:185,0
DA:192,0
DA:193,0
DA:200,0
DA:201,0
DA:207,0
DA:215,1
LF:62
LH:6
BRDA:7,0,0,1
BRDA:7,0,1,1
BRDA:10,1,0,0
BRDA:10,1,1,1
BRDA:10,2,0,1
BRDA:10,2,1,1
BRDA:21,3,0,1
BRDA:21,3,1,0
BRDA:23,4,0,1
BRDA:23,4,1,0
BRDA:23,4,2,0
BRDA:36,5,0,0
BRDA:36,5,1,0
BRDA:47,6,0,0
BRDA:47,6,1,0
BRDA:49,7,0,0
BRDA:49,7,1,0
BRDA:102,8,0,0
BRDA:102,8,1,0
BRDA:102,9,0,0
BRDA:102,9,1,0
BRDA:113,10,0,0
BRDA:113,10,1,0
BRDA:120,11,0,0
BRDA:120,11,1,0
BRDA:147,12,0,0
BRDA:183,13,0,0
BRDA:183,13,1,0
BRDA:200,14,0,0
BRDA:200,14,1,0
BRF:30
BRH:7
end_of_record
TN:
SF:services\whatsappService.js
FN:5,(anonymous_0)
FN:19,(anonymous_1)
FN:32,(anonymous_2)
FN:89,(anonymous_3)
FN:106,(anonymous_4)
FN:126,(anonymous_5)
FN:132,(anonymous_6)
FN:133,(anonymous_7)
FN:155,(anonymous_8)
FN:163,(anonymous_9)
FN:175,(anonymous_10)
FN:187,(anonymous_11)
FN:195,(anonymous_12)
FN:205,(anonymous_13)
FN:217,(anonymous_14)
FNF:15
FNH:2
FNDA:1,(anonymous_0)
FNDA:1,(anonymous_1)
FNDA:0,(anonymous_2)
FNDA:0,(anonymous_3)
FNDA:0,(anonymous_4)
FNDA:0,(anonymous_5)
FNDA:0,(anonymous_6)
FNDA:0,(anonymous_7)
FNDA:0,(anonymous_8)
FNDA:0,(anonymous_9)
FNDA:0,(anonymous_10)
FNDA:0,(anonymous_11)
FNDA:0,(anonymous_12)
FNDA:0,(anonymous_13)
FNDA:0,(anonymous_14)
DA:6,1
DA:7,1
DA:9,1
DA:10,0
DA:11,0
DA:15,0
DA:20,1
DA:21,1
DA:26,0
DA:33,0
DA:34,0
DA:35,0
DA:36,0
DA:37,0
DA:45,0
DA:46,0
DA:47,0
DA:49,0
DA:51,0
DA:57,0
DA:58,0
DA:61,0
DA:62,0
DA:64,0
DA:66,0
DA:73,0
DA:78,0
DA:79,0
DA:90,0
DA:92,0
DA:93,0
DA:94,0
DA:100,0
DA:107,0
DA:108,0
DA:110,0
DA:111,0
DA:117,0
DA:118,0
DA:119,0
DA:123,0
DA:126,0
DA:128,0
DA:129,0
DA:131,0
DA:132,0
DA:133,0
DA:135,0
DA:138,0
DA:143,0
DA:144,0
DA:145,0
DA:156,0
DA:157,0
DA:164,0
DA:169,0
DA:176,0
DA:181,0
DA:188,0
DA:189,0
DA:196,0
DA:199,0
DA:207,0
DA:208,0
DA:218,0
DA:219,0
DA:225,0
DA:233,1
LF:68
LH:6
BRDA:6,0,0,1
BRDA:6,0,1,1
BRDA:9,1,0,0
BRDA:9,1,1,1
BRDA:9,2,0,1
BRDA:9,2,1,1
BRDA:15,3,0,0
BRDA:15,3,1,0
BRDA:20,4,0,1
BRDA:20,4,1,0
BRDA:22,5,0,1
BRDA:22,5,1,0
BRDA:34,6,0,0
BRDA:34,6,1,0
BRDA:46,7,0,0
BRDA:46,7,1,0
BRDA:57,8,0,0
BRDA:57,8,1,0
BRDA:61,9,0,0
BRDA:61,9,1,0
BRDA:110,10,0,0
BRDA:110,10,1,0
BRDA:110,11,0,0
BRDA:110,11,1,0
BRDA:121,12,0,0
BRDA:121,12,1,0
BRDA:128,13,0,0
BRDA:128,13,1,0
BRDA:167,14,0,0
BRDA:167,14,1,0
BRDA:177,15,0,0
BRDA:177,15,1,0
BRDA:197,16,0,0
BRDA:197,16,1,0
BRDA:218,17,0,0
BRDA:218,17,1,0
BRF:36
BRH:7
end_of_record
TN:
SF:utils\priorityCalculator.js
FN:6,calculateOrderPriority
FNF:1
FNH:0
FNDA:0,calculateOrderPriority
DA:7,0
DA:8,0
DA:13,0
DA:14,0
DA:15,0
DA:16,0
DA:19,0
DA:20,0
DA:23,0
DA:24,0
DA:25,0
DA:28,0
DA:29,0
DA:31,0
DA:32,0
DA:33,0
DA:34,0
DA:36,0
DA:38,0
DA:42,0
DA:43,0
DA:44,0
DA:48,0
DA:49,0
DA:51,0
DA:52,0
DA:56,0
DA:57,0
DA:61,0
DA:62,0
DA:63,0
DA:64,0
DA:65,0
DA:66,0
DA:67,0
DA:68,0
DA:70,0
DA:73,0
DA:75,0
DA:90,1
LF:40
LH:1
BRDA:13,0,0,0
BRDA:13,0,1,0
BRDA:13,0,2,0
BRDA:14,1,0,0
BRDA:14,1,1,0
BRDA:15,2,0,0
BRDA:15,2,1,0
BRDA:16,3,0,0
BRDA:16,3,1,0
BRDA:19,4,0,0
BRDA:19,4,1,0
BRDA:20,5,0,0
BRDA:20,5,1,0
BRDA:20,6,0,0
BRDA:20,6,1,0
BRDA:23,7,0,0
BRDA:23,7,1,0
BRDA:24,8,0,0
BRDA:24,8,1,0
BRDA:25,9,0,0
BRDA:25,9,1,0
BRDA:28,10,0,0
BRDA:28,10,1,0
BRDA:29,11,0,0
BRDA:29,11,1,0
BRDA:31,12,0,0
BRDA:31,12,1,0
BRDA:31,13,0,0
BRDA:31,13,1,0
BRDA:33,14,0,0
BRDA:33,14,1,0
BRDA:36,15,0,0
BRDA:36,15,1,0
BRDA:43,16,0,0
BRDA:43,16,1,0
BRDA:43,17,0,0
BRDA:43,17,1,0
BRDA:43,17,2,0
BRDA:43,17,3,0
BRDA:48,18,0,0
BRDA:48,18,1,0
BRDA:48,19,0,0
BRDA:48,19,1,0
BRDA:51,20,0,0
BRDA:51,20,1,0
BRDA:51,21,0,0
BRDA:51,21,1,0
BRDA:56,22,0,0
BRDA:56,22,1,0
BRDA:56,23,0,0
BRDA:56,23,1,0
BRDA:61,24,0,0
BRDA:61,24,1,0
BRDA:63,25,0,0
BRDA:63,25,1,0
BRDA:65,26,0,0
BRDA:65,26,1,0
BRDA:67,27,0,0
BRDA:67,27,1,0
BRDA:82,28,0,0
BRDA:82,28,1,0
BRDA:84,29,0,0
BRDA:84,29,1,0
BRDA:84,29,2,0
BRDA:84,29,3,0
BRF:65
BRH:0
end_of_record
